This is pdfTeX, Version 3.14159265-2.6-1.40.16 (TeX Live 2015/Debian) (preloaded format=pdflatex 2017.3.27)  6 JUN 2017 20:16
entering extended mode
 restricted \write18 enabled.
 %&-line parsing enabled.
**TechNoteRoughDraft.tex
(./TechNoteRoughDraft.tex
LaTeX2e <2016/02/01>
Babel <3.9q> and hyphenation patterns for 5 language(s) loaded.
(/usr/share/texlive/texmf-dist/tex/latex/base/article.cls
Document Class: article 2014/09/29 v1.4h Standard LaTeX document class
(/usr/share/texlive/texmf-dist/tex/latex/base/size11.clo
File: size11.clo 2014/09/29 v1.4h Standard LaTeX file (size option)
)
\c@part=\count79
\c@section=\count80
\c@subsection=\count81
\c@subsubsection=\count82
\c@paragraph=\count83
\c@subparagraph=\count84
\c@figure=\count85
\c@table=\count86
\abovecaptionskip=\skip41
\belowcaptionskip=\skip42
\bibindent=\dimen102
)
(/usr/share/texlive/texmf-dist/tex/latex/base/fontenc.sty
Package: fontenc 2005/09/27 v1.99g Standard LaTeX package

(/usr/share/texlive/texmf-dist/tex/latex/base/t1enc.def
File: t1enc.def 2005/09/27 v1.99g Standard LaTeX file
LaTeX Font Info:    Redeclaring font encoding T1 on input line 48.
))
(/usr/share/texlive/texmf-dist/tex/latex/base/inputenc.sty
Package: inputenc 2015/03/17 v1.2c Input encoding file
\inpenc@prehook=\toks14
\inpenc@posthook=\toks15

(/usr/share/texlive/texmf-dist/tex/latex/base/utf8.def
File: utf8.def 2015/12/03 v1.1r UTF-8 support for inputenc
Now handling font encoding OML ...
... no UTF-8 mapping file for font encoding OML
Now handling font encoding T1 ...
... processing UTF-8 mapping file for font encoding T1

(/usr/share/texlive/texmf-dist/tex/latex/base/t1enc.dfu
File: t1enc.dfu 2015/12/03 v1.1r UTF-8 support for inputenc
   defining Unicode char U+00A0 (decimal 160)
   defining Unicode char U+00A1 (decimal 161)
   defining Unicode char U+00A3 (decimal 163)
   defining Unicode char U+00AB (decimal 171)
   defining Unicode char U+00AD (decimal 173)
   defining Unicode char U+00BB (decimal 187)
   defining Unicode char U+00BF (decimal 191)
   defining Unicode char U+00C0 (decimal 192)
   defining Unicode char U+00C1 (decimal 193)
   defining Unicode char U+00C2 (decimal 194)
   defining Unicode char U+00C3 (decimal 195)
   defining Unicode char U+00C4 (decimal 196)
   defining Unicode char U+00C5 (decimal 197)
   defining Unicode char U+00C6 (decimal 198)
   defining Unicode char U+00C7 (decimal 199)
   defining Unicode char U+00C8 (decimal 200)
   defining Unicode char U+00C9 (decimal 201)
   defining Unicode char U+00CA (decimal 202)
   defining Unicode char U+00CB (decimal 203)
   defining Unicode char U+00CC (decimal 204)
   defining Unicode char U+00CD (decimal 205)
   defining Unicode char U+00CE (decimal 206)
   defining Unicode char U+00CF (decimal 207)
   defining Unicode char U+00D0 (decimal 208)
   defining Unicode char U+00D1 (decimal 209)
   defining Unicode char U+00D2 (decimal 210)
   defining Unicode char U+00D3 (decimal 211)
   defining Unicode char U+00D4 (decimal 212)
   defining Unicode char U+00D5 (decimal 213)
   defining Unicode char U+00D6 (decimal 214)
   defining Unicode char U+00D8 (decimal 216)
   defining Unicode char U+00D9 (decimal 217)
   defining Unicode char U+00DA (decimal 218)
   defining Unicode char U+00DB (decimal 219)
   defining Unicode char U+00DC (decimal 220)
   defining Unicode char U+00DD (decimal 221)
   defining Unicode char U+00DE (decimal 222)
   defining Unicode char U+00DF (decimal 223)
   defining Unicode char U+00E0 (decimal 224)
   defining Unicode char U+00E1 (decimal 225)
   defining Unicode char U+00E2 (decimal 226)
   defining Unicode char U+00E3 (decimal 227)
   defining Unicode char U+00E4 (decimal 228)
   defining Unicode char U+00E5 (decimal 229)
   defining Unicode char U+00E6 (decimal 230)
   defining Unicode char U+00E7 (decimal 231)
   defining Unicode char U+00E8 (decimal 232)
   defining Unicode char U+00E9 (decimal 233)
   defining Unicode char U+00EA (decimal 234)
   defining Unicode char U+00EB (decimal 235)
   defining Unicode char U+00EC (decimal 236)
   defining Unicode char U+00ED (decimal 237)
   defining Unicode char U+00EE (decimal 238)
   defining Unicode char U+00EF (decimal 239)
   defining Unicode char U+00F0 (decimal 240)
   defining Unicode char U+00F1 (decimal 241)
   defining Unicode char U+00F2 (decimal 242)
   defining Unicode char U+00F3 (decimal 243)
   defining Unicode char U+00F4 (decimal 244)
   defining Unicode char U+00F5 (decimal 245)
   defining Unicode char U+00F6 (decimal 246)
   defining Unicode char U+00F8 (decimal 248)
   defining Unicode char U+00F9 (decimal 249)
   defining Unicode char U+00FA (decimal 250)
   defining Unicode char U+00FB (decimal 251)
   defining Unicode char U+00FC (decimal 252)
   defining Unicode char U+00FD (decimal 253)
   defining Unicode char U+00FE (decimal 254)
   defining Unicode char U+00FF (decimal 255)
   defining Unicode char U+0100 (decimal 256)
   defining Unicode char U+0101 (decimal 257)
   defining Unicode char U+0102 (decimal 258)
   defining Unicode char U+0103 (decimal 259)
   defining Unicode char U+0104 (decimal 260)
   defining Unicode char U+0105 (decimal 261)
   defining Unicode char U+0106 (decimal 262)
   defining Unicode char U+0107 (decimal 263)
   defining Unicode char U+0108 (decimal 264)
   defining Unicode char U+0109 (decimal 265)
   defining Unicode char U+010A (decimal 266)
   defining Unicode char U+010B (decimal 267)
   defining Unicode char U+010C (decimal 268)
   defining Unicode char U+010D (decimal 269)
   defining Unicode char U+010E (decimal 270)
   defining Unicode char U+010F (decimal 271)
   defining Unicode char U+0110 (decimal 272)
   defining Unicode char U+0111 (decimal 273)
   defining Unicode char U+0112 (decimal 274)
   defining Unicode char U+0113 (decimal 275)
   defining Unicode char U+0114 (decimal 276)
   defining Unicode char U+0115 (decimal 277)
   defining Unicode char U+0116 (decimal 278)
   defining Unicode char U+0117 (decimal 279)
   defining Unicode char U+0118 (decimal 280)
   defining Unicode char U+0119 (decimal 281)
   defining Unicode char U+011A (decimal 282)
   defining Unicode char U+011B (decimal 283)
   defining Unicode char U+011C (decimal 284)
   defining Unicode char U+011D (decimal 285)
   defining Unicode char U+011E (decimal 286)
   defining Unicode char U+011F (decimal 287)
   defining Unicode char U+0120 (decimal 288)
   defining Unicode char U+0121 (decimal 289)
   defining Unicode char U+0122 (decimal 290)
   defining Unicode char U+0123 (decimal 291)
   defining Unicode char U+0124 (decimal 292)
   defining Unicode char U+0125 (decimal 293)
   defining Unicode char U+0128 (decimal 296)
   defining Unicode char U+0129 (decimal 297)
   defining Unicode char U+012A (decimal 298)
   defining Unicode char U+012B (decimal 299)
   defining Unicode char U+012C (decimal 300)
   defining Unicode char U+012D (decimal 301)
   defining Unicode char U+012E (decimal 302)
   defining Unicode char U+012F (decimal 303)
   defining Unicode char U+0130 (decimal 304)
   defining Unicode char U+0131 (decimal 305)
   defining Unicode char U+0132 (decimal 306)
   defining Unicode char U+0133 (decimal 307)
   defining Unicode char U+0134 (decimal 308)
   defining Unicode char U+0135 (decimal 309)
   defining Unicode char U+0136 (decimal 310)
   defining Unicode char U+0137 (decimal 311)
   defining Unicode char U+0139 (decimal 313)
   defining Unicode char U+013A (decimal 314)
   defining Unicode char U+013B (decimal 315)
   defining Unicode char U+013C (decimal 316)
   defining Unicode char U+013D (decimal 317)
   defining Unicode char U+013E (decimal 318)
   defining Unicode char U+0141 (decimal 321)
   defining Unicode char U+0142 (decimal 322)
   defining Unicode char U+0143 (decimal 323)
   defining Unicode char U+0144 (decimal 324)
   defining Unicode char U+0145 (decimal 325)
   defining Unicode char U+0146 (decimal 326)
   defining Unicode char U+0147 (decimal 327)
   defining Unicode char U+0148 (decimal 328)
   defining Unicode char U+014A (decimal 330)
   defining Unicode char U+014B (decimal 331)
   defining Unicode char U+014C (decimal 332)
   defining Unicode char U+014D (decimal 333)
   defining Unicode char U+014E (decimal 334)
   defining Unicode char U+014F (decimal 335)
   defining Unicode char U+0150 (decimal 336)
   defining Unicode char U+0151 (decimal 337)
   defining Unicode char U+0152 (decimal 338)
   defining Unicode char U+0153 (decimal 339)
   defining Unicode char U+0154 (decimal 340)
   defining Unicode char U+0155 (decimal 341)
   defining Unicode char U+0156 (decimal 342)
   defining Unicode char U+0157 (decimal 343)
   defining Unicode char U+0158 (decimal 344)
   defining Unicode char U+0159 (decimal 345)
   defining Unicode char U+015A (decimal 346)
   defining Unicode char U+015B (decimal 347)
   defining Unicode char U+015C (decimal 348)
   defining Unicode char U+015D (decimal 349)
   defining Unicode char U+015E (decimal 350)
   defining Unicode char U+015F (decimal 351)
   defining Unicode char U+0160 (decimal 352)
   defining Unicode char U+0161 (decimal 353)
   defining Unicode char U+0162 (decimal 354)
   defining Unicode char U+0163 (decimal 355)
   defining Unicode char U+0164 (decimal 356)
   defining Unicode char U+0165 (decimal 357)
   defining Unicode char U+0168 (decimal 360)
   defining Unicode char U+0169 (decimal 361)
   defining Unicode char U+016A (decimal 362)
   defining Unicode char U+016B (decimal 363)
   defining Unicode char U+016C (decimal 364)
   defining Unicode char U+016D (decimal 365)
   defining Unicode char U+016E (decimal 366)
   defining Unicode char U+016F (decimal 367)
   defining Unicode char U+0170 (decimal 368)
   defining Unicode char U+0171 (decimal 369)
   defining Unicode char U+0172 (decimal 370)
   defining Unicode char U+0173 (decimal 371)
   defining Unicode char U+0174 (decimal 372)
   defining Unicode char U+0175 (decimal 373)
   defining Unicode char U+0176 (decimal 374)
   defining Unicode char U+0177 (decimal 375)
   defining Unicode char U+0178 (decimal 376)
   defining Unicode char U+0179 (decimal 377)
   defining Unicode char U+017A (decimal 378)
   defining Unicode char U+017B (decimal 379)
   defining Unicode char U+017C (decimal 380)
   defining Unicode char U+017D (decimal 381)
   defining Unicode char U+017E (decimal 382)
   defining Unicode char U+01CD (decimal 461)
   defining Unicode char U+01CE (decimal 462)
   defining Unicode char U+01CF (decimal 463)
   defining Unicode char U+01D0 (decimal 464)
   defining Unicode char U+01D1 (decimal 465)
   defining Unicode char U+01D2 (decimal 466)
   defining Unicode char U+01D3 (decimal 467)
   defining Unicode char U+01D4 (decimal 468)
   defining Unicode char U+01E2 (decimal 482)
   defining Unicode char U+01E3 (decimal 483)
   defining Unicode char U+01E6 (decimal 486)
   defining Unicode char U+01E7 (decimal 487)
   defining Unicode char U+01E8 (decimal 488)
   defining Unicode char U+01E9 (decimal 489)
   defining Unicode char U+01EA (decimal 490)
   defining Unicode char U+01EB (decimal 491)
   defining Unicode char U+01F0 (decimal 496)
   defining Unicode char U+01F4 (decimal 500)
   defining Unicode char U+01F5 (decimal 501)
   defining Unicode char U+0218 (decimal 536)
   defining Unicode char U+0219 (decimal 537)
   defining Unicode char U+021A (decimal 538)
   defining Unicode char U+021B (decimal 539)
   defining Unicode char U+01E02 (decimal 7682)
   defining Unicode char U+01E03 (decimal 7683)
   defining Unicode char U+200C (decimal 8204)
   defining Unicode char U+2013 (decimal 8211)
   defining Unicode char U+2014 (decimal 8212)
   defining Unicode char U+2018 (decimal 8216)
   defining Unicode char U+2019 (decimal 8217)
   defining Unicode char U+201A (decimal 8218)
   defining Unicode char U+201C (decimal 8220)
   defining Unicode char U+201D (decimal 8221)
   defining Unicode char U+201E (decimal 8222)
   defining Unicode char U+2030 (decimal 8240)
   defining Unicode char U+2031 (decimal 8241)
   defining Unicode char U+2039 (decimal 8249)
   defining Unicode char U+203A (decimal 8250)
   defining Unicode char U+2423 (decimal 9251)
)
Now handling font encoding OT1 ...
... processing UTF-8 mapping file for font encoding OT1

(/usr/share/texlive/texmf-dist/tex/latex/base/ot1enc.dfu
File: ot1enc.dfu 2015/12/03 v1.1r UTF-8 support for inputenc
   defining Unicode char U+00A0 (decimal 160)
   defining Unicode char U+00A1 (decimal 161)
   defining Unicode char U+00A3 (decimal 163)
   defining Unicode char U+00AD (decimal 173)
   defining Unicode char U+00B8 (decimal 184)
   defining Unicode char U+00BF (decimal 191)
   defining Unicode char U+00C5 (decimal 197)
   defining Unicode char U+00C6 (decimal 198)
   defining Unicode char U+00D8 (decimal 216)
   defining Unicode char U+00DF (decimal 223)
   defining Unicode char U+00E6 (decimal 230)
   defining Unicode char U+00EC (decimal 236)
   defining Unicode char U+00ED (decimal 237)
   defining Unicode char U+00EE (decimal 238)
   defining Unicode char U+00EF (decimal 239)
   defining Unicode char U+00F8 (decimal 248)
   defining Unicode char U+0131 (decimal 305)
   defining Unicode char U+0141 (decimal 321)
   defining Unicode char U+0142 (decimal 322)
   defining Unicode char U+0152 (decimal 338)
   defining Unicode char U+0153 (decimal 339)
   defining Unicode char U+0174 (decimal 372)
   defining Unicode char U+0175 (decimal 373)
   defining Unicode char U+0176 (decimal 374)
   defining Unicode char U+0177 (decimal 375)
   defining Unicode char U+0218 (decimal 536)
   defining Unicode char U+0219 (decimal 537)
   defining Unicode char U+021A (decimal 538)
   defining Unicode char U+021B (decimal 539)
   defining Unicode char U+2013 (decimal 8211)
   defining Unicode char U+2014 (decimal 8212)
   defining Unicode char U+2018 (decimal 8216)
   defining Unicode char U+2019 (decimal 8217)
   defining Unicode char U+201C (decimal 8220)
   defining Unicode char U+201D (decimal 8221)
)
Now handling font encoding OMS ...
... processing UTF-8 mapping file for font encoding OMS

(/usr/share/texlive/texmf-dist/tex/latex/base/omsenc.dfu
File: omsenc.dfu 2015/12/03 v1.1r UTF-8 support for inputenc
   defining Unicode char U+00A7 (decimal 167)
   defining Unicode char U+00B6 (decimal 182)
   defining Unicode char U+00B7 (decimal 183)
   defining Unicode char U+2020 (decimal 8224)
   defining Unicode char U+2021 (decimal 8225)
   defining Unicode char U+2022 (decimal 8226)
)
Now handling font encoding OMX ...
... no UTF-8 mapping file for font encoding OMX
Now handling font encoding U ...
... no UTF-8 mapping file for font encoding U
   defining Unicode char U+00A9 (decimal 169)
   defining Unicode char U+00AA (decimal 170)
   defining Unicode char U+00AE (decimal 174)
   defining Unicode char U+00BA (decimal 186)
   defining Unicode char U+02C6 (decimal 710)
   defining Unicode char U+02DC (decimal 732)
   defining Unicode char U+200C (decimal 8204)
   defining Unicode char U+2026 (decimal 8230)
   defining Unicode char U+2122 (decimal 8482)
   defining Unicode char U+2423 (decimal 9251)
))
(/usr/share/texlive/texmf-dist/tex/latex/geometry/geometry.sty
Package: geometry 2010/09/12 v5.6 Page Geometry

(/usr/share/texlive/texmf-dist/tex/latex/graphics/keyval.sty
Package: keyval 2014/10/28 v1.15 key=value parser (DPC)
\KV@toks@=\toks16
)
(/usr/share/texlive/texmf-dist/tex/generic/oberdiek/ifpdf.sty
Package: ifpdf 2011/01/30 v2.3 Provides the ifpdf switch (HO)
Package ifpdf Info: pdfTeX in PDF mode is detected.
)
(/usr/share/texlive/texmf-dist/tex/generic/oberdiek/ifvtex.sty
Package: ifvtex 2010/03/01 v1.5 Detect VTeX and its facilities (HO)
Package ifvtex Info: VTeX not detected.
)
(/usr/share/texlive/texmf-dist/tex/generic/ifxetex/ifxetex.sty
Package: ifxetex 2010/09/12 v0.6 Provides ifxetex conditional
)
\Gm@cnth=\count87
\Gm@cntv=\count88
\c@Gm@tempcnt=\count89
\Gm@bindingoffset=\dimen103
\Gm@wd@mp=\dimen104
\Gm@odd@mp=\dimen105
\Gm@even@mp=\dimen106
\Gm@layoutwidth=\dimen107
\Gm@layoutheight=\dimen108
\Gm@layouthoffset=\dimen109
\Gm@layoutvoffset=\dimen110
\Gm@dimlist=\toks17
)
(/usr/share/texlive/texmf-dist/tex/latex/tools/indentfirst.sty
Package: indentfirst 1995/11/23 v1.03 Indent first paragraph (DPC)
)
(/usr/share/texlive/texmf-dist/tex/latex/changepage/changepage.sty
Package: changepage 2009/10/20 v1.0c check page and change page layout
\c@cp@cntr=\count90
\cp@tempcnt=\count91
)
(/usr/share/texlive/texmf-dist/tex/latex/caption/caption.sty
Package: caption 2016/02/21 v3.3-144 Customizing captions (AR)

(/usr/share/texlive/texmf-dist/tex/latex/caption/caption3.sty
Package: caption3 2016/02/04 v1.7-139 caption3 kernel (AR)
Package caption3 Info: TeX engine: e-TeX on input line 67.
\captionmargin=\dimen111
\captionmargin@=\dimen112
\captionwidth=\dimen113
\caption@tempdima=\dimen114
\caption@indent=\dimen115
\caption@parindent=\dimen116
\caption@hangindent=\dimen117
)
\c@ContinuedFloat=\count92
)
(/usr/share/texlive/texmf-dist/tex/latex/was/gensymb.sty
Package: gensymb 2003/07/02 v1.0 (WaS)
)
(/usr/share/texlive/texmf-dist/tex/latex/rotating/rotating.sty
Package: rotating 2009/03/28 v2.16a rotated objects in LaTeX

(/usr/share/texlive/texmf-dist/tex/latex/graphics/graphicx.sty
Package: graphicx 2014/10/28 v1.0g Enhanced LaTeX Graphics (DPC,SPQR)

(/usr/share/texlive/texmf-dist/tex/latex/graphics/graphics.sty
Package: graphics 2016/01/03 v1.0q Standard LaTeX Graphics (DPC,SPQR)

(/usr/share/texlive/texmf-dist/tex/latex/graphics/trig.sty
Package: trig 2016/01/03 v1.10 sin cos tan (DPC)
)
(/usr/share/texlive/texmf-dist/tex/latex/latexconfig/graphics.cfg
File: graphics.cfg 2010/04/23 v1.9 graphics configuration of TeX Live
)
Package graphics Info: Driver file: pdftex.def on input line 95.

(/usr/share/texlive/texmf-dist/tex/latex/pdftex-def/pdftex.def
File: pdftex.def 2011/05/27 v0.06d Graphics/color for pdfTeX

(/usr/share/texlive/texmf-dist/tex/generic/oberdiek/infwarerr.sty
Package: infwarerr 2010/04/08 v1.3 Providing info/warning/error messages (HO)
)
(/usr/share/texlive/texmf-dist/tex/generic/oberdiek/ltxcmds.sty
Package: ltxcmds 2011/11/09 v1.22 LaTeX kernel commands for general use (HO)
)
\Gread@gobject=\count93
))
\Gin@req@height=\dimen118
\Gin@req@width=\dimen119
)
(/usr/share/texlive/texmf-dist/tex/latex/base/ifthen.sty
Package: ifthen 2014/09/29 v1.1c Standard LaTeX ifthen package (DPC)
)
\c@r@tfl@t=\count94
\rotFPtop=\skip43
\rotFPbot=\skip44
\rot@float@box=\box26
\rot@mess@toks=\toks18
)
(/usr/share/texlive/texmf-dist/tex/latex/graphics/lscape.sty
Package: lscape 2000/10/22 v3.01 Landscape Pages (DPC)
)
(/usr/share/texlive/texmf-dist/tex/latex/pdfpages/pdfpages.sty
Package: pdfpages 2015/09/18 v0.5d Insert pages of external PDF documents (AM)

(/usr/share/texlive/texmf-dist/tex/latex/tools/calc.sty
Package: calc 2014/10/28 v4.3 Infix arithmetic (KKT,FJ)
\calc@Acount=\count95
\calc@Bcount=\count96
\calc@Adimen=\dimen120
\calc@Bdimen=\dimen121
\calc@Askip=\skip45
\calc@Bskip=\skip46
LaTeX Info: Redefining \setlength on input line 80.
LaTeX Info: Redefining \addtolength on input line 81.
\calc@Ccount=\count97
\calc@Cskip=\skip47
)
(/usr/share/texlive/texmf-dist/tex/latex/eso-pic/eso-pic.sty
Package: eso-pic 2015/07/21 v2.0g eso-pic (RN)

(/usr/share/texlive/texmf-dist/tex/generic/oberdiek/atbegshi.sty
Package: atbegshi 2011/10/05 v1.16 At begin shipout hook (HO)
)
(/usr/share/texlive/texmf-dist/tex/latex/xcolor/xcolor.sty
Package: xcolor 2007/01/21 v2.11 LaTeX color extensions (UK)

(/usr/share/texlive/texmf-dist/tex/latex/latexconfig/color.cfg
File: color.cfg 2007/01/18 v1.5 color configuration of teTeX/TeXLive
)
Package xcolor Info: Driver file: pdftex.def on input line 225.
Package xcolor Info: Model `cmy' substituted by `cmy0' on input line 1337.
Package xcolor Info: Model `hsb' substituted by `rgb' on input line 1341.
Package xcolor Info: Model `RGB' extended on input line 1353.
Package xcolor Info: Model `HTML' substituted by `rgb' on input line 1355.
Package xcolor Info: Model `Hsb' substituted by `hsb' on input line 1356.
Package xcolor Info: Model `tHsb' substituted by `hsb' on input line 1357.
Package xcolor Info: Model `HSB' substituted by `hsb' on input line 1358.
Package xcolor Info: Model `Gray' substituted by `gray' on input line 1359.
Package xcolor Info: Model `wave' substituted by `hsb' on input line 1360.
))
\AM@pagewidth=\dimen122
\AM@pageheight=\dimen123

(/usr/share/texlive/texmf-dist/tex/latex/pdfpages/pppdftex.def
File: pppdftex.def 2015/09/18 v0.5d Pdfpages driver for pdfTeX (AM)
)
\AM@pagebox=\box27
\AM@toc@title=\toks19
\c@AM@survey=\count98
\AM@templatesizebox=\box28
)
(/usr/share/texlive/texmf-dist/tex/latex/enumitem/enumitem.sty
Package: enumitem 2011/09/28 v3.5.2 Customized lists
\labelindent=\skip48
\enit@outerparindent=\dimen124
\enit@toks=\toks20
\enit@inbox=\box29
\enitdp@description=\count99
)
(/usr/share/texlive/texmf-dist/tex/latex/adjustbox/adjustbox.sty
Package: adjustbox 2012/05/21 v1.0 Adjusting TeX boxes (trim, clip, ...)

(/usr/share/texlive/texmf-dist/tex/latex/xkeyval/xkeyval.sty
Package: xkeyval 2014/12/03 v2.7a package option processing (HA)

(/usr/share/texlive/texmf-dist/tex/generic/xkeyval/xkeyval.tex
(/usr/share/texlive/texmf-dist/tex/generic/xkeyval/xkvutils.tex
\XKV@toks=\toks21
\XKV@tempa@toks=\toks22
)
\XKV@depth=\count100
File: xkeyval.tex 2014/12/03 v2.7a key=value parser (HA)
))
(/usr/share/texlive/texmf-dist/tex/latex/adjustbox/adjcalc.sty
Package: adjcalc 2012/05/16 v1.1 Provides advanced setlength with multiple back
-ends (calc, etex, pgfmath)
)
(/usr/share/texlive/texmf-dist/tex/latex/adjustbox/trimclip.sty
Package: trimclip 2012/05/16 v1.0 Trim and clip general TeX material

(/usr/share/texlive/texmf-dist/tex/latex/collectbox/collectbox.sty
Package: collectbox 2012/05/17 v0.4b Collect macro arguments as boxes
\collectedbox=\box30
)
\tc@llx=\dimen125
\tc@lly=\dimen126
\tc@urx=\dimen127
\tc@ury=\dimen128
Package trimclip Info: Using driver 'tc-pdftex.def'.

(/usr/share/texlive/texmf-dist/tex/latex/adjustbox/tc-pdftex.def
File: tc-pdftex.def 2012/05/13 v1.0 Clipping driver for pdftex
))
\adjbox@Width=\dimen129
\adjbox@Height=\dimen130
\adjbox@Depth=\dimen131
\adjbox@Totalheight=\dimen132

(/usr/share/texlive/texmf-dist/tex/latex/ifoddpage/ifoddpage.sty
Package: ifoddpage 2011/09/13 v1.0 Conditionals for odd/even page detection
\c@checkoddpage=\count101
LaTeX Info: Redefining \checkoddpage on input line 25.
)
(/usr/share/texlive/texmf-dist/tex/latex/varwidth/varwidth.sty
Package: varwidth 2009/03/30 ver 0.92;  Variable-width minipages
\@vwid@box=\box31
\sift@deathcycles=\count102
\@vwid@loff=\dimen133
\@vwid@roff=\dimen134
))
(/usr/share/texlive/texmf-dist/tex/latex/float/float.sty
Package: float 2001/11/08 v1.3d Float enhancements (AL)
\c@float@type=\count103
\float@exts=\toks23
\float@box=\box32
\@float@everytoks=\toks24
\@floatcapt=\box33
)
(/usr/share/texlive/texmf-dist/tex/latex/csvsimple/csvsimple.sty
Package: csvsimple 2014/07/14 version 1.12 LaTeX CSV file processing

(/usr/share/texlive/texmf-dist/tex/latex/pgf/utilities/pgfkeys.sty
(/usr/share/texlive/texmf-dist/tex/generic/pgf/utilities/pgfkeys.code.tex
\pgfkeys@pathtoks=\toks25
\pgfkeys@temptoks=\toks26

(/usr/share/texlive/texmf-dist/tex/generic/pgf/utilities/pgfkeysfiltered.code.t
ex
\pgfkeys@tmptoks=\toks27
)))
\csv@file=\read1
\c@csvinputline=\count104
\c@csvrow=\count105
\c@csvcol=\count106
\csv@out=\write3
) (/usr/share/texlive/texmf-dist/tex/latex/preprint/authblk.sty
Package: authblk 2001/02/27 1.3 (PWD)
\affilsep=\skip49
\@affilsep=\skip50
\c@Maxaffil=\count107
\c@authors=\count108
\c@affil=\count109
)
(/usr/share/texlive/texmf-dist/tex/latex/listings/listings.sty
\lst@mode=\count110
\lst@gtempboxa=\box34
\lst@token=\toks28
\lst@length=\count111
\lst@currlwidth=\dimen135
\lst@column=\count112
\lst@pos=\count113
\lst@lostspace=\dimen136
\lst@width=\dimen137
\lst@newlines=\count114
\lst@lineno=\count115
\lst@maxwidth=\dimen138

(/usr/share/texlive/texmf-dist/tex/latex/listings/lstmisc.sty
File: lstmisc.sty 2015/06/04 1.6 (Carsten Heinz)
\c@lstnumber=\count116
\lst@skipnumbers=\count117
\lst@framebox=\box35
)
(/usr/share/texlive/texmf-dist/tex/latex/listings/listings.cfg
File: listings.cfg 2015/06/04 1.6 listings configuration
))
Package: listings 2015/06/04 1.6 (Carsten Heinz)

(/usr/share/texlive/texmf-dist/tex/latex/amsfonts/amssymb.sty
Package: amssymb 2013/01/14 v3.01 AMS font symbols

(/usr/share/texlive/texmf-dist/tex/latex/amsfonts/amsfonts.sty
Package: amsfonts 2013/01/14 v3.01 Basic AMSFonts support
\@emptytoks=\toks29
\symAMSa=\mathgroup4
\symAMSb=\mathgroup5
LaTeX Font Info:    Overwriting math alphabet `\mathfrak' in version `bold'
(Font)                  U/euf/m/n --> U/euf/b/n on input line 106.
))
(/usr/share/texlive/texmf-dist/tex/latex/hyperref/hyperref.sty
Package: hyperref 2012/11/06 v6.83m Hypertext links for LaTeX

(/usr/share/texlive/texmf-dist/tex/generic/oberdiek/hobsub-hyperref.sty
Package: hobsub-hyperref 2012/05/28 v1.13 Bundle oberdiek, subset hyperref (HO)


(/usr/share/texlive/texmf-dist/tex/generic/oberdiek/hobsub-generic.sty
Package: hobsub-generic 2012/05/28 v1.13 Bundle oberdiek, subset generic (HO)
Package: hobsub 2012/05/28 v1.13 Construct package bundles (HO)
Package hobsub Info: Skipping package `infwarerr' (already loaded).
Package hobsub Info: Skipping package `ltxcmds' (already loaded).
Package: ifluatex 2010/03/01 v1.3 Provides the ifluatex switch (HO)
Package ifluatex Info: LuaTeX not detected.
Package hobsub Info: Skipping package `ifvtex' (already loaded).
Package: intcalc 2007/09/27 v1.1 Expandable calculations with integers (HO)
Package hobsub Info: Skipping package `ifpdf' (already loaded).
Package: etexcmds 2011/02/16 v1.5 Avoid name clashes with e-TeX commands (HO)
Package etexcmds Info: Could not find \expanded.
(etexcmds)             That can mean that you are not using pdfTeX 1.50 or
(etexcmds)             that some package has redefined \expanded.
(etexcmds)             In the latter case, load this package earlier.
Package: kvsetkeys 2012/04/25 v1.16 Key value parser (HO)
Package: kvdefinekeys 2011/04/07 v1.3 Define keys (HO)
Package: pdftexcmds 2011/11/29 v0.20 Utility functions of pdfTeX for LuaTeX (HO
)
Package pdftexcmds Info: LuaTeX not detected.
Package pdftexcmds Info: \pdf@primitive is available.
Package pdftexcmds Info: \pdf@ifprimitive is available.
Package pdftexcmds Info: \pdfdraftmode found.
Package: pdfescape 2011/11/25 v1.13 Implements pdfTeX's escape features (HO)
Package: bigintcalc 2012/04/08 v1.3 Expandable calculations on big integers (HO
)
Package: bitset 2011/01/30 v1.1 Handle bit-vector datatype (HO)
Package: uniquecounter 2011/01/30 v1.2 Provide unlimited unique counter (HO)
)
Package hobsub Info: Skipping package `hobsub' (already loaded).
Package: letltxmacro 2010/09/02 v1.4 Let assignment for LaTeX macros (HO)
Package: hopatch 2012/05/28 v1.2 Wrapper for package hooks (HO)
Package: xcolor-patch 2011/01/30 xcolor patch
Package: atveryend 2011/06/30 v1.8 Hooks at the very end of document (HO)
Package atveryend Info: \enddocument detected (standard20110627).
Package hobsub Info: Skipping package `atbegshi' (already loaded).
Package: refcount 2011/10/16 v3.4 Data extraction from label references (HO)
Package: hycolor 2011/01/30 v1.7 Color options for hyperref/bookmark (HO)
)
(/usr/share/texlive/texmf-dist/tex/latex/oberdiek/auxhook.sty
Package: auxhook 2011/03/04 v1.3 Hooks for auxiliary files (HO)
)
(/usr/share/texlive/texmf-dist/tex/latex/oberdiek/kvoptions.sty
Package: kvoptions 2011/06/30 v3.11 Key value format for package options (HO)
)
\@linkdim=\dimen139
\Hy@linkcounter=\count118
\Hy@pagecounter=\count119

(/usr/share/texlive/texmf-dist/tex/latex/hyperref/pd1enc.def
File: pd1enc.def 2012/11/06 v6.83m Hyperref: PDFDocEncoding definition (HO)
Now handling font encoding PD1 ...
... no UTF-8 mapping file for font encoding PD1
)
\Hy@SavedSpaceFactor=\count120

(/usr/share/texlive/texmf-dist/tex/latex/latexconfig/hyperref.cfg
File: hyperref.cfg 2002/06/06 v1.2 hyperref configuration of TeXLive
)
Package hyperref Info: Hyper figures OFF on input line 4443.
Package hyperref Info: Link nesting OFF on input line 4448.
Package hyperref Info: Hyper index ON on input line 4451.
Package hyperref Info: Plain pages OFF on input line 4458.
Package hyperref Info: Backreferencing OFF on input line 4463.
Package hyperref Info: Implicit mode ON; LaTeX internals redefined.
Package hyperref Info: Bookmarks ON on input line 4688.
\c@Hy@tempcnt=\count121

(/usr/share/texlive/texmf-dist/tex/latex/url/url.sty
\Urlmuskip=\muskip10
Package: url 2013/09/16  ver 3.4  Verb mode for urls, etc.
)
LaTeX Info: Redefining \url on input line 5041.
\XeTeXLinkMargin=\dimen140
\Fld@menulength=\count122
\Field@Width=\dimen141
\Fld@charsize=\dimen142
Package hyperref Info: Hyper figures OFF on input line 6295.
Package hyperref Info: Link nesting OFF on input line 6300.
Package hyperref Info: Hyper index ON on input line 6303.
Package hyperref Info: backreferencing OFF on input line 6310.
Package hyperref Info: Link coloring OFF on input line 6315.
Package hyperref Info: Link coloring with OCG OFF on input line 6320.
Package hyperref Info: PDF/A mode OFF on input line 6325.
LaTeX Info: Redefining \ref on input line 6365.
LaTeX Info: Redefining \pageref on input line 6369.
\Hy@abspage=\count123
\c@Item=\count124
\c@Hfootnote=\count125
)

Package hyperref Message: Driver (autodetected): hpdftex.

(/usr/share/texlive/texmf-dist/tex/latex/hyperref/hpdftex.def
File: hpdftex.def 2012/11/06 v6.83m Hyperref driver for pdfTeX
\Fld@listcount=\count126
\c@bookmark@seq@number=\count127

(/usr/share/texlive/texmf-dist/tex/latex/oberdiek/rerunfilecheck.sty
Package: rerunfilecheck 2011/04/15 v1.7 Rerun checks for auxiliary files (HO)
Package uniquecounter Info: New unique counter `rerunfilecheck' on input line 2
82.
)
\Hy@SectionHShift=\skip51
)
Package hyperref Info: Option `colorlinks' set `true' on input line 27.
\c@stepsi=\count128
\enitdp@steps=\count129

(./TechNoteRoughDraft.aux)
\openout1 = `TechNoteRoughDraft.aux'.

LaTeX Font Info:    Checking defaults for OML/cmm/m/it on input line 43.
LaTeX Font Info:    ... okay on input line 43.
LaTeX Font Info:    Checking defaults for T1/cmr/m/n on input line 43.
LaTeX Font Info:    ... okay on input line 43.
LaTeX Font Info:    Checking defaults for OT1/cmr/m/n on input line 43.
LaTeX Font Info:    ... okay on input line 43.
LaTeX Font Info:    Checking defaults for OMS/cmsy/m/n on input line 43.
LaTeX Font Info:    ... okay on input line 43.
LaTeX Font Info:    Checking defaults for OMX/cmex/m/n on input line 43.
LaTeX Font Info:    ... okay on input line 43.
LaTeX Font Info:    Checking defaults for U/cmr/m/n on input line 43.
LaTeX Font Info:    ... okay on input line 43.
LaTeX Font Info:    Checking defaults for PD1/pdf/m/n on input line 43.
LaTeX Font Info:    ... okay on input line 43.

*geometry* driver: auto-detecting
*geometry* detected driver: pdftex
*geometry* verbose mode - [ preamble ] result:
* driver: pdftex
* paper: <default>
* layout: <same size as paper>
* layoutoffset:(h,v)=(0.0pt,0.0pt)
* modes: 
* h-part:(L,W,R)=(72.26999pt, 469.75502pt, 72.26999pt)
* v-part:(T,H,B)=(72.26999pt, 650.43001pt, 72.26999pt)
* \paperwidth=614.295pt
* \paperheight=794.96999pt
* \textwidth=469.75502pt
* \textheight=650.43001pt
* \oddsidemargin=0.0pt
* \evensidemargin=0.0pt
* \topmargin=-37.0pt
* \headheight=12.0pt
* \headsep=25.0pt
* \topskip=11.0pt
* \footskip=30.0pt
* \marginparwidth=59.0pt
* \marginparsep=10.0pt
* \columnsep=10.0pt
* \skip\footins=10.0pt plus 4.0pt minus 2.0pt
* \hoffset=0.0pt
* \voffset=0.0pt
* \mag=1000
* \@twocolumnfalse
* \@twosidefalse
* \@mparswitchfalse
* \@reversemarginfalse
* (1in=72.27pt=25.4mm, 1cm=28.453pt)

Package caption Info: Begin \AtBeginDocument code.
Package caption Info: float package is loaded.
Package caption Info: hyperref package is loaded.
Package caption Info: listings package is loaded.
Package caption Info: rotating package is loaded.
Package caption Info: End \AtBeginDocument code.
LaTeX Info: Redefining \celsius on input line 43.
Package gensymb Info: Faking symbols for \degree and \celsius on input line 43.


Package gensymb Warning: Not defining \perthousand.

LaTeX Info: Redefining \ohm on input line 43.
Package gensymb Info: Using \Omega for \ohm on input line 43.

Package gensymb Warning: Not defining \micro.

(/usr/share/texlive/texmf-dist/tex/context/base/supp-pdf.mkii
[Loading MPS to PDF converter (version 2006.09.02).]
\scratchcounter=\count130
\scratchdimen=\dimen143
\scratchbox=\box36
\nofMPsegments=\count131
\nofMParguments=\count132
\everyMPshowfont=\toks30
\MPscratchCnt=\count133
\MPscratchDim=\dimen144
\MPnumerator=\count134
\makeMPintoPDFobject=\count135
\everyMPtoPDFconversion=\toks31
) (/usr/share/texlive/texmf-dist/tex/latex/oberdiek/epstopdf-base.sty
Package: epstopdf-base 2010/02/09 v2.5 Base part for package epstopdf

(/usr/share/texlive/texmf-dist/tex/latex/oberdiek/grfext.sty
Package: grfext 2010/08/19 v1.1 Manage graphics extensions (HO)
)
Package grfext Info: Graphics extension search list:
(grfext)             [.png,.pdf,.jpg,.mps,.jpeg,.jbig2,.jb2,.PNG,.PDF,.JPG,.JPE
G,.JBIG2,.JB2,.eps]
(grfext)             \AppendGraphicsExtensions on input line 452.

(/usr/share/texlive/texmf-dist/tex/latex/latexconfig/epstopdf-sys.cfg
File: epstopdf-sys.cfg 2010/07/13 v1.3 Configuration of (r)epstopdf for TeX Liv
e
))
\AtBeginShipoutBox=\box37

(/usr/share/texlive/texmf-dist/tex/latex/oberdiek/pdflscape.sty
Package: pdflscape 2008/08/11 v0.10 Display of landscape pages in PDF (HO)
Package pdflscape Info: Auto-detected driver: pdftex on input line 80.
)
\c@lstlisting=\count136
Package hyperref Info: Link coloring ON on input line 43.

(/usr/share/texlive/texmf-dist/tex/latex/hyperref/nameref.sty
Package: nameref 2012/10/27 v2.43 Cross-referencing by name of section

(/usr/share/texlive/texmf-dist/tex/generic/oberdiek/gettitlestring.sty
Package: gettitlestring 2010/12/03 v1.4 Cleanup title references (HO)
)
\c@section@level=\count137
)
LaTeX Info: Redefining \ref on input line 43.
LaTeX Info: Redefining \pageref on input line 43.
LaTeX Info: Redefining \nameref on input line 43.

(./TechNoteRoughDraft.out) (./TechNoteRoughDraft.out)
\@outlinefile=\write4
\openout4 = `TechNoteRoughDraft.out'.

LaTeX Font Info:    Try loading font information for U+msa on input line 48.

(/usr/share/texlive/texmf-dist/tex/latex/amsfonts/umsa.fd
File: umsa.fd 2013/01/14 v3.01 AMS symbols A
)
LaTeX Font Info:    Try loading font information for U+msb on input line 48.

(/usr/share/texlive/texmf-dist/tex/latex/amsfonts/umsb.fd
File: umsb.fd 2013/01/14 v3.01 AMS symbols B
)
Overfull \hbox (17.0pt too wide) in paragraph at lines 46--50
[]$[]$ 
 []

[1

{/var/lib/texmf/fonts/map/pdftex/updmap/pdftex.map}]
<EventClassifications/SciBooNEDetector.png, id=183, 1254.6875pt x 508.90125pt>
File: EventClassifications/SciBooNEDetector.png Graphic file (type png)

<use EventClassifications/SciBooNEDetector.png>
Package pdftex.def Info: EventClassifications/SciBooNEDetector.png used on inpu
t line 121.
(pdftex.def)             Requested size: 352.31625pt x 142.89516pt.
 [2 <./EventClassifications/SciBooNEDetector.png>]
<EventClassifications/mrd.png, id=191, 1080.035pt x 560.0925pt>
File: EventClassifications/mrd.png Graphic file (type png)

<use EventClassifications/mrd.png>
Package pdftex.def Info: EventClassifications/mrd.png used on input line 140.
(pdftex.def)             Requested size: 352.31625pt x 182.70306pt.
 [3 <./EventClassifications/mrd.png>]
<EventClassifications/Stopped.png, id=201, 806.01125pt x 486.81876pt>
File: EventClassifications/Stopped.png Graphic file (type png)

<use EventClassifications/Stopped.png>
Package pdftex.def Info: EventClassifications/Stopped.png used on input line 16
3.
(pdftex.def)             Requested size: 281.85587pt x 170.23312pt.

<EventClassifications/NotStopped.png, id=202, 831.105pt x 445.665pt>
File: EventClassifications/NotStopped.png Graphic file (type png)

<use EventClassifications/NotStopped.png>
Package pdftex.def Info: EventClassifications/NotStopped.png used on input line
 178.
(pdftex.def)             Requested size: 281.85587pt x 151.13647pt.
 [4 <./EventClassifications/Stopped.png>] <EventClassifications/OutSide.png, id
=208, 762.85pt x 479.7925pt>
File: EventClassifications/OutSide.png Graphic file (type png)

<use EventClassifications/OutSide.png>
Package pdftex.def Info: EventClassifications/OutSide.png used on input line 19
4.
(pdftex.def)             Requested size: 281.85587pt x 177.27151pt.
 [5 <./EventClassifications/NotStopped.png> <./EventClassifications/OutSide.png
>]

Package hyperref Warning: Token not allowed in a PDF string (PDFDocEncoding):
(hyperref)                removing `math shift' on input line 216.


Package hyperref Warning: Token not allowed in a PDF string (PDFDocEncoding):
(hyperref)                removing `\nu' on input line 216.


Package hyperref Warning: Token not allowed in a PDF string (PDFDocEncoding):
(hyperref)                removing `math shift' on input line 216.

[6]
<CCInclusivePlots/NMCCInclusiveTotalMomentum.png, id=226, 700.6175pt x 472.7662
5pt>
File: CCInclusivePlots/NMCCInclusiveTotalMomentum.png Graphic file (type png)
 <use CCInclusivePlots/NMCCInclusiveTotalMomentum.png>
Package pdftex.def Info: CCInclusivePlots/NMCCInclusiveTotalMomentum.png used o
n input line 283.
(pdftex.def)             Requested size: 187.89914pt x 126.79015pt.

<CCInclusivePlots/NMCCInclusiveTotalAngle.png, id=227, 700.6175pt x 472.76625pt
>
File: CCInclusivePlots/NMCCInclusiveTotalAngle.png Graphic file (type png)
 <use CCInclusivePlots/NMCCInclusiveTotalAngle.png>
Package pdftex.def Info: CCInclusivePlots/NMCCInclusiveTotalAngle.png used on i
nput line 284.
(pdftex.def)             Requested size: 187.89914pt x 126.79015pt.

<CCInclusivePlots/CC1DIncEff.png, id=228, 1021.8175pt x 654.445pt>
File: CCInclusivePlots/CC1DIncEff.png Graphic file (type png)

<use CCInclusivePlots/CC1DIncEff.png>
Package pdftex.def Info: CCInclusivePlots/CC1DIncEff.png used on input line 293
.
(pdftex.def)             Requested size: 375.80544pt x 240.69289pt.
 [7 <./CCInclusivePlots/NMCCInclusiveTotalMomentum.png> <./CCInclusivePlots/NMC
CInclusiveTotalAngle.png> <./CCInclusivePlots/CC1DIncEff.png>]
<CCInclusivePlots/MorgansCCInclusiveSample.png, id=239, 574.145pt x 510.90875pt
>
File: CCInclusivePlots/MorgansCCInclusiveSample.png Graphic file (type png)
 <use CCInclusivePlots/MorgansCCInclusiveSample.png>
Package pdftex.def Info: CCInclusivePlots/MorgansCCInclusiveSample.png used on 
input line 304.
(pdftex.def)             Requested size: 140.92793pt x 125.40372pt.

<CCInclusivePlots/2DEffCompareNMRS.png, id=240, 700.6175pt x 472.76625pt>
File: CCInclusivePlots/2DEffCompareNMRS.png Graphic file (type png)

<use CCInclusivePlots/2DEffCompareNMRS.png>
Package pdftex.def Info: CCInclusivePlots/2DEffCompareNMRS.png used on input li
ne 305.
(pdftex.def)             Requested size: 187.89914pt x 126.79015pt.
File: CCInclusivePlots/MorgansCCInclusiveSample.png Graphic file (type png)

<use CCInclusivePlots/MorgansCCInclusiveSample.png>
Package pdftex.def Info: CCInclusivePlots/MorgansCCInclusiveSample.png used on 
input line 314.
(pdftex.def)             Requested size: 140.92793pt x 125.40372pt.

<CCInclusivePlots/2DEffCompareNMBS.png, id=241, 700.6175pt x 472.76625pt>
File: CCInclusivePlots/2DEffCompareNMBS.png Graphic file (type png)

<use CCInclusivePlots/2DEffCompareNMBS.png>
Package pdftex.def Info: CCInclusivePlots/2DEffCompareNMBS.png used on input li
ne 315.
(pdftex.def)             Requested size: 187.89914pt x 126.79015pt.
File: CCInclusivePlots/MorgansCCInclusiveSample.png Graphic file (type png)

<use CCInclusivePlots/MorgansCCInclusiveSample.png>
Package pdftex.def Info: CCInclusivePlots/MorgansCCInclusiveSample.png used on 
input line 324.
(pdftex.def)             Requested size: 140.92793pt x 125.40372pt.

<CCInclusivePlots/2DEffCompareNMORS.png, id=242, 700.6175pt x 472.76625pt>
File: CCInclusivePlots/2DEffCompareNMORS.png Graphic file (type png)

<use CCInclusivePlots/2DEffCompareNMORS.png>
Package pdftex.def Info: CCInclusivePlots/2DEffCompareNMORS.png used on input l
ine 325.
(pdftex.def)             Requested size: 187.89914pt x 126.79015pt.
 [8 <./CCInclusivePlots/MorgansCCInclusiveSample.png> <./CCInclusivePlots/2DEff
CompareNMRS.png> <./CCInclusivePlots/2DEffCompareNMBS.png>]

Package hyperref Warning: Token not allowed in a PDF string (PDFDocEncoding):
(hyperref)                removing `math shift' on input line 333.


Package hyperref Warning: Token not allowed in a PDF string (PDFDocEncoding):
(hyperref)                removing `\mathaccent' on input line 333.


Package hyperref Warning: Token not allowed in a PDF string (PDFDocEncoding):
(hyperref)                removing `\nu' on input line 333.


Package hyperref Warning: Token not allowed in a PDF string (PDFDocEncoding):
(hyperref)                removing `math shift' on input line 333.


<CCInclusivePlots/ANMCCInclusiveTotalMomentum.png, id=250, 700.6175pt x 472.766
25pt>
File: CCInclusivePlots/ANMCCInclusiveTotalMomentum.png Graphic file (type png)
 <use CCInclusivePlots/ANMCCInclusiveTotalMomentum.png>
Package pdftex.def Info: CCInclusivePlots/ANMCCInclusiveTotalMomentum.png used 
on input line 376.
(pdftex.def)             Requested size: 187.89914pt x 126.79015pt.

<CCInclusivePlots/ANMCCInclusiveTotalAngle.png, id=251, 700.6175pt x 472.76625p
t>
File: CCInclusivePlots/ANMCCInclusiveTotalAngle.png Graphic file (type png)
 <use CCInclusivePlots/ANMCCInclusiveTotalAngle.png>
Package pdftex.def Info: CCInclusivePlots/ANMCCInclusiveTotalAngle.png used on 
input line 377.
(pdftex.def)             Requested size: 187.89914pt x 126.79015pt.
 [9 <./CCInclusivePlots/2DEffCompareNMORS.png>]
<ANMCombinedPlotsImages/16-ANMCombinedPlots.png, id=258, 700.6175pt x 472.76625
pt>
File: ANMCombinedPlotsImages/16-ANMCombinedPlots.png Graphic file (type png)
 <use ANMCombinedPlotsImages/16-ANMCombinedPlots.png>
Package pdftex.def Info: ANMCombinedPlotsImages/16-ANMCombinedPlots.png used on
 input line 386.
(pdftex.def)             Requested size: 187.89914pt x 126.79015pt.

<ANMCombinedPlotsImages/15-ANMCombinedPlots.png, id=259, 700.6175pt x 472.76625
pt>
File: ANMCombinedPlotsImages/15-ANMCombinedPlots.png Graphic file (type png)
 <use ANMCombinedPlotsImages/15-ANMCombinedPlots.png>
Package pdftex.def Info: ANMCombinedPlotsImages/15-ANMCombinedPlots.png used on
 input line 387.
(pdftex.def)             Requested size: 187.89914pt x 126.79015pt.

<CCInclusivePlots/2DEffCompareANMRS.png, id=260, 700.6175pt x 472.76625pt>
File: CCInclusivePlots/2DEffCompareANMRS.png Graphic file (type png)

<use CCInclusivePlots/2DEffCompareANMRS.png>
Package pdftex.def Info: CCInclusivePlots/2DEffCompareANMRS.png used on input l
ine 398.
(pdftex.def)             Requested size: 281.85587pt x 190.19243pt.
 [10 <./CCInclusivePlots/ANMCCInclusiveTotalMomentum.png> <./CCInclusivePlots/A
NMCCInclusiveTotalAngle.png> <./ANMCombinedPlotsImages/16-ANMCombinedPlots.png>
 <./ANMCombinedPlotsImages/15-ANMCombinedPlots.png>]
<CCInclusivePlots/2DEffCompareANMBS.png, id=267, 700.6175pt x 472.76625pt>
File: CCInclusivePlots/2DEffCompareANMBS.png Graphic file (type png)

<use CCInclusivePlots/2DEffCompareANMBS.png>
Package pdftex.def Info: CCInclusivePlots/2DEffCompareANMBS.png used on input l
ine 407.
(pdftex.def)             Requested size: 281.85587pt x 190.19243pt.


Package hyperref Warning: Token not allowed in a PDF string (PDFDocEncoding):
(hyperref)                removing `math shift' on input line 423.


Package hyperref Warning: Token not allowed in a PDF string (PDFDocEncoding):
(hyperref)                removing `\nu' on input line 423.


Package hyperref Warning: Token not allowed in a PDF string (PDFDocEncoding):
(hyperref)                removing `math shift' on input line 423.

[11 <./CCInclusivePlots/2DEffCompareANMRS.png> <./CCInclusivePlots/2DEffCompare
ANMBS.png>]
<CCCohPlots/NMCCCohTotalMomentum.png, id=274, 700.6175pt x 472.76625pt>
File: CCCohPlots/NMCCCohTotalMomentum.png Graphic file (type png)

<use CCCohPlots/NMCCCohTotalMomentum.png>
Package pdftex.def Info: CCCohPlots/NMCCCohTotalMomentum.png used on input line
 467.
(pdftex.def)             Requested size: 187.89914pt x 126.79015pt.

<CCCohPlots/NMCCCohTotalAngle.png, id=275, 700.6175pt x 472.76625pt>
File: CCCohPlots/NMCCCohTotalAngle.png Graphic file (type png)

<use CCCohPlots/NMCCCohTotalAngle.png>
Package pdftex.def Info: CCCohPlots/NMCCCohTotalAngle.png used on input line 46
8.
(pdftex.def)             Requested size: 187.89914pt x 126.79015pt.

<CCCohPlots/NMCCCohGoodMomentum.png, id=276, 700.6175pt x 472.76625pt>
File: CCCohPlots/NMCCCohGoodMomentum.png Graphic file (type png)

<use CCCohPlots/NMCCCohGoodMomentum.png>
Package pdftex.def Info: CCCohPlots/NMCCCohGoodMomentum.png used on input line 
476.
(pdftex.def)             Requested size: 187.89914pt x 126.79015pt.

<CCCohPlots/NMCCCohGoodAngle.png, id=277, 700.6175pt x 472.76625pt>
File: CCCohPlots/NMCCCohGoodAngle.png Graphic file (type png)

<use CCCohPlots/NMCCCohGoodAngle.png>
Package pdftex.def Info: CCCohPlots/NMCCCohGoodAngle.png used on input line 477
.
(pdftex.def)             Requested size: 187.89914pt x 126.79015pt.
 [12 <./CCCohPlots/NMCCCohTotalMomentum.png> <./CCCohPlots/NMCCCohTotalAngle.pn
g>]
<CCCohPlots/NMCCCohGoodT.png, id=285, 700.6175pt x 472.76625pt>
File: CCCohPlots/NMCCCohGoodT.png Graphic file (type png)

<use CCCohPlots/NMCCCohGoodT.png>
Package pdftex.def Info: CCCohPlots/NMCCCohGoodT.png used on input line 520.
(pdftex.def)             Requested size: 187.89914pt x 126.79015pt.

<CCCohPlots/NMCCCohGoodQ2.png, id=286, 700.6175pt x 472.76625pt>
File: CCCohPlots/NMCCCohGoodQ2.png Graphic file (type png)

<use CCCohPlots/NMCCCohGoodQ2.png>
Package pdftex.def Info: CCCohPlots/NMCCCohGoodQ2.png used on input line 521.
(pdftex.def)             Requested size: 187.89914pt x 126.79015pt.
 [13 <./CCCohPlots/NMCCCohGoodMomentum.png> <./CCCohPlots/NMCCCohGoodAngle.png>
]
<NMCombinedPlotsImages/24-NMCombinedPlots.png, id=297, 700.6175pt x 472.76625pt
>
File: NMCombinedPlotsImages/24-NMCombinedPlots.png Graphic file (type png)
 <use NMCombinedPlotsImages/24-NMCombinedPlots.png>
Package pdftex.def Info: NMCombinedPlotsImages/24-NMCombinedPlots.png used on i
nput line 532.
(pdftex.def)             Requested size: 187.89914pt x 126.79015pt.

<NMCombinedPlotsImages/25-NMCombinedPlots.png, id=298, 700.6175pt x 472.76625pt
>
File: NMCombinedPlotsImages/25-NMCombinedPlots.png Graphic file (type png)
 <use NMCombinedPlotsImages/25-NMCombinedPlots.png>
Package pdftex.def Info: NMCombinedPlotsImages/25-NMCombinedPlots.png used on i
nput line 533.
(pdftex.def)             Requested size: 187.89914pt x 126.79015pt.

<CCCohPlots/2DEffNMRS.png, id=299, 700.6175pt x 472.76625pt>
File: CCCohPlots/2DEffNMRS.png Graphic file (type png)

<use CCCohPlots/2DEffNMRS.png>
Package pdftex.def Info: CCCohPlots/2DEffNMRS.png used on input line 543.
(pdftex.def)             Requested size: 281.85587pt x 190.19243pt.
 [14 <./CCCohPlots/NMCCCohGoodT.png> <./CCCohPlots/NMCCCohGoodQ2.png> <./NMComb
inedPlotsImages/24-NMCombinedPlots.png> <./NMCombinedPlotsImages/25-NMCombinedP
lots.png>]
<CCCohPlots/2DEffNMBS.png, id=306, 700.6175pt x 472.76625pt>
File: CCCohPlots/2DEffNMBS.png Graphic file (type png)

<use CCCohPlots/2DEffNMBS.png>
Package pdftex.def Info: CCCohPlots/2DEffNMBS.png used on input line 550.
(pdftex.def)             Requested size: 281.85587pt x 190.19243pt.

<CCCohPlots/2DEffNMORS.png, id=307, 700.6175pt x 472.76625pt>
File: CCCohPlots/2DEffNMORS.png Graphic file (type png)

<use CCCohPlots/2DEffNMORS.png>
Package pdftex.def Info: CCCohPlots/2DEffNMORS.png used on input line 557.
(pdftex.def)             Requested size: 281.85587pt x 190.19243pt.
 [15 <./CCCohPlots/2DEffNMRS.png> <./CCCohPlots/2DEffNMBS.png>]

Package hyperref Warning: Token not allowed in a PDF string (PDFDocEncoding):
(hyperref)                removing `math shift' on input line 563.


Package hyperref Warning: Token not allowed in a PDF string (PDFDocEncoding):
(hyperref)                removing `\mathaccent' on input line 563.


Package hyperref Warning: Token not allowed in a PDF string (PDFDocEncoding):
(hyperref)                removing `\nu' on input line 563.


Package hyperref Warning: Token not allowed in a PDF string (PDFDocEncoding):
(hyperref)                removing `math shift' on input line 563.

<CCCohPlots/ANMCCCohTotalMomentum.png, id=315, 700.6175pt x 472.76625pt>
File: CCCohPlots/ANMCCCohTotalMomentum.png Graphic file (type png)

<use CCCohPlots/ANMCCCohTotalMomentum.png>
Package pdftex.def Info: CCCohPlots/ANMCCCohTotalMomentum.png used on input lin
e 608.
(pdftex.def)             Requested size: 187.89914pt x 126.79015pt.

<CCCohPlots/ANMCCCohTotalAngle.png, id=316, 700.6175pt x 472.76625pt>
File: CCCohPlots/ANMCCCohTotalAngle.png Graphic file (type png)

<use CCCohPlots/ANMCCCohTotalAngle.png>
Package pdftex.def Info: CCCohPlots/ANMCCCohTotalAngle.png used on input line 6
09.
(pdftex.def)             Requested size: 187.89914pt x 126.79015pt.
 [16 <./CCCohPlots/2DEffNMORS.png>]
<CCCohPlots/ANMCCCohGoodMomentum.png, id=323, 700.6175pt x 472.76625pt>
File: CCCohPlots/ANMCCCohGoodMomentum.png Graphic file (type png)

<use CCCohPlots/ANMCCCohGoodMomentum.png>
Package pdftex.def Info: CCCohPlots/ANMCCCohGoodMomentum.png used on input line
 618.
(pdftex.def)             Requested size: 187.89914pt x 126.79015pt.

<CCCohPlots/ANMCCCohGoodAngle.png, id=324, 700.6175pt x 472.76625pt>
File: CCCohPlots/ANMCCCohGoodAngle.png Graphic file (type png)

<use CCCohPlots/ANMCCCohGoodAngle.png>
Package pdftex.def Info: CCCohPlots/ANMCCCohGoodAngle.png used on input line 61
9.
(pdftex.def)             Requested size: 187.89914pt x 126.79015pt.

<CCCohPlots/ANMCCCohGoodT.png, id=325, 700.6175pt x 472.76625pt>
File: CCCohPlots/ANMCCCohGoodT.png Graphic file (type png)

<use CCCohPlots/ANMCCCohGoodT.png>
Package pdftex.def Info: CCCohPlots/ANMCCCohGoodT.png used on input line 628.
(pdftex.def)             Requested size: 187.89914pt x 126.79015pt.

<CCCohPlots/ANMCCCohGoodQ2.png, id=326, 700.6175pt x 472.76625pt>
File: CCCohPlots/ANMCCCohGoodQ2.png Graphic file (type png)

<use CCCohPlots/ANMCCCohGoodQ2.png>
Package pdftex.def Info: CCCohPlots/ANMCCCohGoodQ2.png used on input line 629.
(pdftex.def)             Requested size: 187.89914pt x 126.79015pt.

<ANMCombinedPlotsImages/17-ANMCombinedPlots.png, id=327, 700.6175pt x 472.76625
pt>
File: ANMCombinedPlotsImages/17-ANMCombinedPlots.png Graphic file (type png)
 <use ANMCombinedPlotsImages/17-ANMCombinedPlots.png>
Package pdftex.def Info: ANMCombinedPlotsImages/17-ANMCombinedPlots.png used on
 input line 640.
(pdftex.def)             Requested size: 187.89914pt x 126.79015pt.

<ANMCombinedPlotsImages/18-ANMCombinedPlots.png, id=328, 700.6175pt x 472.76625
pt>
File: ANMCombinedPlotsImages/18-ANMCombinedPlots.png Graphic file (type png)
 <use ANMCombinedPlotsImages/18-ANMCombinedPlots.png>
Package pdftex.def Info: ANMCombinedPlotsImages/18-ANMCombinedPlots.png used on
 input line 641.
(pdftex.def)             Requested size: 187.89914pt x 126.79015pt.
 [17 <./CCCohPlots/ANMCCCohTotalMomentum.png> <./CCCohPlots/ANMCCCohTotalAngle.
png> <./CCCohPlots/ANMCCCohGoodMomentum.png> <./CCCohPlots/ANMCCCohGoodAngle.pn
g> <./CCCohPlots/ANMCCCohGoodT.png> <./CCCohPlots/ANMCCCohGoodQ2.png>]
<CCCohPlots/2DEffANMRS.png, id=336, 700.6175pt x 472.76625pt>
File: CCCohPlots/2DEffANMRS.png Graphic file (type png)

<use CCCohPlots/2DEffANMRS.png>
Package pdftex.def Info: CCCohPlots/2DEffANMRS.png used on input line 651.
(pdftex.def)             Requested size: 281.85587pt x 190.19243pt.

<CCCohPlots/2DEffANMBS.png, id=337, 700.6175pt x 472.76625pt>
File: CCCohPlots/2DEffANMBS.png Graphic file (type png)

<use CCCohPlots/2DEffANMBS.png>
Package pdftex.def Info: CCCohPlots/2DEffANMBS.png used on input line 658.
(pdftex.def)             Requested size: 281.85587pt x 190.19243pt.
 [18 <./ANMCombinedPlotsImages/17-ANMCombinedPlots.png> <./ANMCombinedPlotsImag
es/18-ANMCombinedPlots.png> <./CCCohPlots/2DEffANMRS.png>] [19 <./CCCohPlots/2D
EffANMBS.png>]

Package hyperref Warning: Token not allowed in a PDF string (PDFDocEncoding):
(hyperref)                removing `math shift' on input line 691.


Package hyperref Warning: Token not allowed in a PDF string (PDFDocEncoding):
(hyperref)                removing `\nu' on input line 691.


Package hyperref Warning: Token not allowed in a PDF string (PDFDocEncoding):
(hyperref)                removing `math shift' on input line 691.

LaTeX Font Info:    Try loading font information for T1+cmtt on input line 694.

(/usr/share/texlive/texmf-dist/tex/latex/base/t1cmtt.fd
File: t1cmtt.fd 2014/09/29 v2.5h Standard LaTeX font definitions
)

Package hyperref Warning: Token not allowed in a PDF string (PDFDocEncoding):
(hyperref)                removing `math shift' on input line 700.


Package hyperref Warning: Token not allowed in a PDF string (PDFDocEncoding):
(hyperref)                removing `\nu' on input line 700.


Package hyperref Warning: Token not allowed in a PDF string (PDFDocEncoding):
(hyperref)                removing `math shift' on input line 700.


Package hyperref Warning: Token not allowed in a PDF string (PDFDocEncoding):
(hyperref)                removing `math shift' on input line 711.


Package hyperref Warning: Token not allowed in a PDF string (PDFDocEncoding):
(hyperref)                removing `\nu' on input line 711.


Package hyperref Warning: Token not allowed in a PDF string (PDFDocEncoding):
(hyperref)                removing `math shift' on input line 711.


Package hyperref Warning: Token not allowed in a PDF string (PDFDocEncoding):
(hyperref)                removing `math shift' on input line 721.


Package hyperref Warning: Token not allowed in a PDF string (PDFDocEncoding):
(hyperref)                removing `\mathaccent' on input line 721.


Package hyperref Warning: Token not allowed in a PDF string (PDFDocEncoding):
(hyperref)                removing `\nu' on input line 721.


Package hyperref Warning: Token not allowed in a PDF string (PDFDocEncoding):
(hyperref)                removing `math shift' on input line 721.


Package hyperref Warning: Token not allowed in a PDF string (PDFDocEncoding):
(hyperref)                removing `math shift' on input line 730.


Package hyperref Warning: Token not allowed in a PDF string (PDFDocEncoding):
(hyperref)                removing `\mathaccent' on input line 730.


Package hyperref Warning: Token not allowed in a PDF string (PDFDocEncoding):
(hyperref)                removing `\nu' on input line 730.


Package hyperref Warning: Token not allowed in a PDF string (PDFDocEncoding):
(hyperref)                removing `math shift' on input line 730.

[20] (/usr/share/texlive/texmf-dist/tex/latex/listings/lstlang1.sty
File: lstlang1.sty 2015/06/04 1.6 listings language file
)
(/usr/share/texlive/texmf-dist/tex/latex/listings/lstmisc.sty
File: lstmisc.sty 2015/06/04 1.6 (Carsten Heinz)
)
LaTeX Font Info:    Try loading font information for OMS+cmr on input line 747.


(/usr/share/texlive/texmf-dist/tex/latex/base/omscmr.fd
File: omscmr.fd 2014/09/29 v2.5h Standard LaTeX font definitions
)
LaTeX Font Info:    Font shape `OMS/cmr/m/n' in size <10.95> not available
(Font)              Font shape `OMS/cmsy/m/n' tried instead on input line 747.

<NewNMReinSehgalImages/4-XVertexDistributionNMRS.png, id=365, 700.6175pt x 472.
76625pt>
File: NewNMReinSehgalImages/4-XVertexDistributionNMRS.png Graphic file (type pn
g)
 <use NewNMReinSehgalImages/4-XVertexDistributionNMRS.png>
Package pdftex.def Info: NewNMReinSehgalImages/4-XVertexDistributionNMRS.png us
ed on input line 763.
(pdftex.def)             Requested size: 140.92793pt x 95.0926pt.

<NewNMReinSehgalImages/3-YVertexDistributionNMRS.png, id=366, 700.6175pt x 472.
76625pt>
File: NewNMReinSehgalImages/3-YVertexDistributionNMRS.png Graphic file (type pn
g)
 <use NewNMReinSehgalImages/3-YVertexDistributionNMRS.png>
Package pdftex.def Info: NewNMReinSehgalImages/3-YVertexDistributionNMRS.png us
ed on input line 764.
(pdftex.def)             Requested size: 140.92793pt x 95.0926pt.

<NewNMReinSehgalImages/2-ZVertexDistributionNMRS.png, id=367, 700.6175pt x 472.
76625pt>
File: NewNMReinSehgalImages/2-ZVertexDistributionNMRS.png Graphic file (type pn
g)
 <use NewNMReinSehgalImages/2-ZVertexDistributionNMRS.png>
Package pdftex.def Info: NewNMReinSehgalImages/2-ZVertexDistributionNMRS.png us
ed on input line 765.
(pdftex.def)             Requested size: 140.92793pt x 95.0926pt.
File: NewNMReinSehgalImages/4-XVertexDistributionNMRS.png Graphic file (type pn
g)

<use NewNMReinSehgalImages/4-XVertexDistributionNMRS.png>
Package pdftex.def Info: NewNMReinSehgalImages/4-XVertexDistributionNMRS.png us
ed on input line 781.
(pdftex.def)             Requested size: 140.92793pt x 95.0926pt.
File: NewNMReinSehgalImages/3-YVertexDistributionNMRS.png Graphic file (type pn
g)

<use NewNMReinSehgalImages/3-YVertexDistributionNMRS.png>
Package pdftex.def Info: NewNMReinSehgalImages/3-YVertexDistributionNMRS.png us
ed on input line 782.
(pdftex.def)             Requested size: 140.92793pt x 95.0926pt.
File: NewNMReinSehgalImages/2-ZVertexDistributionNMRS.png Graphic file (type pn
g)

<use NewNMReinSehgalImages/2-ZVertexDistributionNMRS.png>
Package pdftex.def Info: NewNMReinSehgalImages/2-ZVertexDistributionNMRS.png us
ed on input line 783.
(pdftex.def)             Requested size: 140.92793pt x 95.0926pt.
 [21 <./NewNMReinSehgalImages/4-XVertexDistributionNMRS.png> <./NewNMReinSehgal
Images/3-YVertexDistributionNMRS.png> <./NewNMReinSehgalImages/2-ZVertexDistrib
utionNMRS.png>]
<NewNMReinSehgalImages/6-GoodCCCohMuonInfoNMRS.png, id=386, 700.6175pt x 472.76
625pt>
File: NewNMReinSehgalImages/6-GoodCCCohMuonInfoNMRS.png Graphic file (type png)

 <use NewNMReinSehgalImages/6-GoodCCCohMuonInfoNMRS.png>
Package pdftex.def Info: NewNMReinSehgalImages/6-GoodCCCohMuonInfoNMRS.png used
 on input line 790.
(pdftex.def)             Requested size: 187.89914pt x 126.79015pt.

<NewNMReinSehgalImages/9-TotalCCCohMuonInfoNMRS.png, id=387, 700.6175pt x 472.7
6625pt>
File: NewNMReinSehgalImages/9-TotalCCCohMuonInfoNMRS.png Graphic file (type png
)
 <use NewNMReinSehgalImages/9-TotalCCCohMuonInfoNMRS.png>
Package pdftex.def Info: NewNMReinSehgalImages/9-TotalCCCohMuonInfoNMRS.png use
d on input line 791.
(pdftex.def)             Requested size: 187.89914pt x 126.79015pt.

<NewNMReinSehgalImages/7.png, id=388, 700.6175pt x 472.76625pt>
File: NewNMReinSehgalImages/7.png Graphic file (type png)

<use NewNMReinSehgalImages/7.png>
Package pdftex.def Info: NewNMReinSehgalImages/7.png used on input line 798.
(pdftex.def)             Requested size: 187.89914pt x 126.79015pt.

<NewNMReinSehgalImages/8.png, id=389, 700.6175pt x 472.76625pt>
File: NewNMReinSehgalImages/8.png Graphic file (type png)

<use NewNMReinSehgalImages/8.png>
Package pdftex.def Info: NewNMReinSehgalImages/8.png used on input line 799.
(pdftex.def)             Requested size: 187.89914pt x 126.79015pt.
 [22 <./NewNMReinSehgalImages/6-GoodCCCohMuonInfoNMRS.png> <./NewNMReinSehgalIm
ages/9-TotalCCCohMuonInfoNMRS.png> <./NewNMReinSehgalImages/7.png> <./NewNMRein
SehgalImages/8.png>]
<NewNMBergerSehgalImages/4-XVertexDistributionNMBS.png, id=397, 700.6175pt x 47
2.76625pt>
File: NewNMBergerSehgalImages/4-XVertexDistributionNMBS.png Graphic file (type 
png)
 <use NewNMBergerSehgalImages/4-XVertexDistributionNMBS.png>
Package pdftex.def Info: NewNMBergerSehgalImages/4-XVertexDistributionNMBS.png 
used on input line 869.
(pdftex.def)             Requested size: 140.92793pt x 95.0926pt.

<NewNMBergerSehgalImages/3-YVertexDistributionNMBS.png, id=398, 700.6175pt x 47
2.76625pt>
File: NewNMBergerSehgalImages/3-YVertexDistributionNMBS.png Graphic file (type 
png)
 <use NewNMBergerSehgalImages/3-YVertexDistributionNMBS.png>
Package pdftex.def Info: NewNMBergerSehgalImages/3-YVertexDistributionNMBS.png 
used on input line 870.
(pdftex.def)             Requested size: 140.92793pt x 95.0926pt.

<NewNMBergerSehgalImages/2-ZVertexDistributionNMBS.png, id=399, 700.6175pt x 47
2.76625pt>
File: NewNMBergerSehgalImages/2-ZVertexDistributionNMBS.png Graphic file (type 
png)
 <use NewNMBergerSehgalImages/2-ZVertexDistributionNMBS.png>
Package pdftex.def Info: NewNMBergerSehgalImages/2-ZVertexDistributionNMBS.png 
used on input line 871.
(pdftex.def)             Requested size: 140.92793pt x 95.0926pt.
 [23]
<NewNMBergerSehgalImages/6-GoodCCCohMuonInfoNMBS.png, id=412, 700.6175pt x 472.
76625pt>
File: NewNMBergerSehgalImages/6-GoodCCCohMuonInfoNMBS.png Graphic file (type pn
g)
 <use NewNMBergerSehgalImages/6-GoodCCCohMuonInfoNMBS.png>
Package pdftex.def Info: NewNMBergerSehgalImages/6-GoodCCCohMuonInfoNMBS.png us
ed on input line 878.
(pdftex.def)             Requested size: 187.89914pt x 126.79015pt.

<NewNMBergerSehgalImages/9-TotalCCCohMuonInfoNMBS.png, id=413, 700.6175pt x 472
.76625pt>
File: NewNMBergerSehgalImages/9-TotalCCCohMuonInfoNMBS.png Graphic file (type p
ng)
 <use NewNMBergerSehgalImages/9-TotalCCCohMuonInfoNMBS.png>
Package pdftex.def Info: NewNMBergerSehgalImages/9-TotalCCCohMuonInfoNMBS.png u
sed on input line 879.
(pdftex.def)             Requested size: 187.89914pt x 126.79015pt.

<NewNMBergerSehgalImages/7.png, id=414, 700.6175pt x 472.76625pt>
File: NewNMBergerSehgalImages/7.png Graphic file (type png)

<use NewNMBergerSehgalImages/7.png>
Package pdftex.def Info: NewNMBergerSehgalImages/7.png used on input line 886.
(pdftex.def)             Requested size: 187.89914pt x 126.79015pt.

<NewNMBergerSehgalImages/8.png, id=415, 700.6175pt x 472.76625pt>
File: NewNMBergerSehgalImages/8.png Graphic file (type png)

<use NewNMBergerSehgalImages/8.png>
Package pdftex.def Info: NewNMBergerSehgalImages/8.png used on input line 887.
(pdftex.def)             Requested size: 187.89914pt x 126.79015pt.
 [24 <./NewNMBergerSehgalImages/4-XVertexDistributionNMBS.png> <./NewNMBergerSe
hgalImages/3-YVertexDistributionNMBS.png> <./NewNMBergerSehgalImages/2-ZVertexD
istributionNMBS.png> <./NewNMBergerSehgalImages/6-GoodCCCohMuonInfoNMBS.png> <.
/NewNMBergerSehgalImages/9-TotalCCCohMuonInfoNMBS.png>]
<OldNMReinSehgalImages/4-XVertexDistributionNMORS.png, id=422, 700.6175pt x 472
.76625pt>
File: OldNMReinSehgalImages/4-XVertexDistributionNMORS.png Graphic file (type p
ng)
 <use OldNMReinSehgalImages/4-XVertexDistributionNMORS.png>
Package pdftex.def Info: OldNMReinSehgalImages/4-XVertexDistributionNMORS.png u
sed on input line 900.
(pdftex.def)             Requested size: 140.92793pt x 95.0926pt.

<OldNMReinSehgalImages/3-YVertexDistributionNMORS.png, id=423, 700.6175pt x 472
.76625pt>
File: OldNMReinSehgalImages/3-YVertexDistributionNMORS.png Graphic file (type p
ng)
 <use OldNMReinSehgalImages/3-YVertexDistributionNMORS.png>
Package pdftex.def Info: OldNMReinSehgalImages/3-YVertexDistributionNMORS.png u
sed on input line 901.
(pdftex.def)             Requested size: 140.92793pt x 95.0926pt.

<OldNMReinSehgalImages/2-ZVertexDistributionNMORS.png, id=424, 700.6175pt x 472
.76625pt>
File: OldNMReinSehgalImages/2-ZVertexDistributionNMORS.png Graphic file (type p
ng)
 <use OldNMReinSehgalImages/2-ZVertexDistributionNMORS.png>
Package pdftex.def Info: OldNMReinSehgalImages/2-ZVertexDistributionNMORS.png u
sed on input line 902.
(pdftex.def)             Requested size: 140.92793pt x 95.0926pt.

<OldNMReinSehgalImages/6-GoodCCCohMuonInfoNMORS.png, id=425, 700.6175pt x 472.7
6625pt>
File: OldNMReinSehgalImages/6-GoodCCCohMuonInfoNMORS.png Graphic file (type png
)
 <use OldNMReinSehgalImages/6-GoodCCCohMuonInfoNMORS.png>
Package pdftex.def Info: OldNMReinSehgalImages/6-GoodCCCohMuonInfoNMORS.png use
d on input line 909.
(pdftex.def)             Requested size: 187.89914pt x 126.79015pt.

<OldNMReinSehgalImages/9-TotalCCCohMuonInfoNMORS.png, id=426, 700.6175pt x 472.
76625pt>
File: OldNMReinSehgalImages/9-TotalCCCohMuonInfoNMORS.png Graphic file (type pn
g)
 <use OldNMReinSehgalImages/9-TotalCCCohMuonInfoNMORS.png>
Package pdftex.def Info: OldNMReinSehgalImages/9-TotalCCCohMuonInfoNMORS.png us
ed on input line 910.
(pdftex.def)             Requested size: 187.89914pt x 126.79015pt.
 [25 <./NewNMBergerSehgalImages/7.png> <./NewNMBergerSehgalImages/8.png> <./Old
NMReinSehgalImages/4-XVertexDistributionNMORS.png> <./OldNMReinSehgalImages/3-Y
VertexDistributionNMORS.png> <./OldNMReinSehgalImages/2-ZVertexDistributionNMOR
S.png>]
<OldNMReinSehgalImages/7.png, id=434, 700.6175pt x 472.76625pt>
File: OldNMReinSehgalImages/7.png Graphic file (type png)

<use OldNMReinSehgalImages/7.png>
Package pdftex.def Info: OldNMReinSehgalImages/7.png used on input line 917.
(pdftex.def)             Requested size: 187.89914pt x 126.79015pt.

<OldNMReinSehgalImages/8.png, id=435, 700.6175pt x 472.76625pt>
File: OldNMReinSehgalImages/8.png Graphic file (type png)

<use OldNMReinSehgalImages/8.png>
Package pdftex.def Info: OldNMReinSehgalImages/8.png used on input line 918.
(pdftex.def)             Requested size: 187.89914pt x 126.79015pt.

<NewANMReinSehgalImages/4-XVertexDistributionANMRS.png, id=436, 700.6175pt x 47
2.76625pt>
File: NewANMReinSehgalImages/4-XVertexDistributionANMRS.png Graphic file (type 
png)
 <use NewANMReinSehgalImages/4-XVertexDistributionANMRS.png>
Package pdftex.def Info: NewANMReinSehgalImages/4-XVertexDistributionANMRS.png 
used on input line 931.
(pdftex.def)             Requested size: 140.92793pt x 95.0926pt.

<NewANMReinSehgalImages/3-YVertexDistributionANMRS.png, id=437, 700.6175pt x 47
2.76625pt>
File: NewANMReinSehgalImages/3-YVertexDistributionANMRS.png Graphic file (type 
png)
 <use NewANMReinSehgalImages/3-YVertexDistributionANMRS.png>
Package pdftex.def Info: NewANMReinSehgalImages/3-YVertexDistributionANMRS.png 
used on input line 932.
(pdftex.def)             Requested size: 140.92793pt x 95.0926pt.

<NewANMReinSehgalImages/2-ZVertexDistributionANMRS.png, id=438, 700.6175pt x 47
2.76625pt>
File: NewANMReinSehgalImages/2-ZVertexDistributionANMRS.png Graphic file (type 
png)
 <use NewANMReinSehgalImages/2-ZVertexDistributionANMRS.png>
Package pdftex.def Info: NewANMReinSehgalImages/2-ZVertexDistributionANMRS.png 
used on input line 933.
(pdftex.def)             Requested size: 140.92793pt x 95.0926pt.
 [26 <./OldNMReinSehgalImages/6-GoodCCCohMuonInfoNMORS.png> <./OldNMReinSehgalI
mages/9-TotalCCCohMuonInfoNMORS.png> <./OldNMReinSehgalImages/7.png> <./OldNMRe
inSehgalImages/8.png>]
<NewANMReinSehgalImages/6-GoodCCCohMuonInfoANMRS.png, id=445, 700.6175pt x 472.
76625pt>
File: NewANMReinSehgalImages/6-GoodCCCohMuonInfoANMRS.png Graphic file (type pn
g)
 <use NewANMReinSehgalImages/6-GoodCCCohMuonInfoANMRS.png>
Package pdftex.def Info: NewANMReinSehgalImages/6-GoodCCCohMuonInfoANMRS.png us
ed on input line 940.
(pdftex.def)             Requested size: 187.89914pt x 126.79015pt.

<NewANMReinSehgalImages/9-TotalCCCohMuonInfoANMRS.png, id=446, 700.6175pt x 472
.76625pt>
File: NewANMReinSehgalImages/9-TotalCCCohMuonInfoANMRS.png Graphic file (type p
ng)
 <use NewANMReinSehgalImages/9-TotalCCCohMuonInfoANMRS.png>
Package pdftex.def Info: NewANMReinSehgalImages/9-TotalCCCohMuonInfoANMRS.png u
sed on input line 941.
(pdftex.def)             Requested size: 187.89914pt x 126.79015pt.

<NewANMReinSehgalImages/7.png, id=447, 700.6175pt x 472.76625pt>
File: NewANMReinSehgalImages/7.png Graphic file (type png)

<use NewANMReinSehgalImages/7.png>
Package pdftex.def Info: NewANMReinSehgalImages/7.png used on input line 948.
(pdftex.def)             Requested size: 187.89914pt x 126.79015pt.

<NewANMReinSehgalImages/8.png, id=448, 700.6175pt x 472.76625pt>
File: NewANMReinSehgalImages/8.png Graphic file (type png)

<use NewANMReinSehgalImages/8.png>
Package pdftex.def Info: NewANMReinSehgalImages/8.png used on input line 949.
(pdftex.def)             Requested size: 187.89914pt x 126.79015pt.
 [27 <./NewANMReinSehgalImages/4-XVertexDistributionANMRS.png> <./NewANMReinSeh
galImages/3-YVertexDistributionANMRS.png> <./NewANMReinSehgalImages/2-ZVertexDi
stributionANMRS.png> <./NewANMReinSehgalImages/6-GoodCCCohMuonInfoANMRS.png> <.
/NewANMReinSehgalImages/9-TotalCCCohMuonInfoANMRS.png> <./NewANMReinSehgalImage
s/7.png> <./NewANMReinSehgalImages/8.png>]
<NewANMBergerSehgalImages/4-XVertexDistributionANMBS.png, id=456, 700.6175pt x 
472.76625pt>
File: NewANMBergerSehgalImages/4-XVertexDistributionANMBS.png Graphic file (typ
e png)
 <use NewANMBergerSehgalImages/4-XVertexDistributionANMBS.png>
Package pdftex.def Info: NewANMBergerSehgalImages/4-XVertexDistributionANMBS.pn
g used on input line 963.
(pdftex.def)             Requested size: 140.92793pt x 95.0926pt.

<NewANMBergerSehgalImages/3-YVertexDistributionANMBS.png, id=457, 700.6175pt x 
472.76625pt>
File: NewANMBergerSehgalImages/3-YVertexDistributionANMBS.png Graphic file (typ
e png)
 <use NewANMBergerSehgalImages/3-YVertexDistributionANMBS.png>
Package pdftex.def Info: NewANMBergerSehgalImages/3-YVertexDistributionANMBS.pn
g used on input line 964.
(pdftex.def)             Requested size: 140.92793pt x 95.0926pt.

<NewANMBergerSehgalImages/2-ZVertexDistributionANMBS.png, id=458, 700.6175pt x 
472.76625pt>
File: NewANMBergerSehgalImages/2-ZVertexDistributionANMBS.png Graphic file (typ
e png)
 <use NewANMBergerSehgalImages/2-ZVertexDistributionANMBS.png>
Package pdftex.def Info: NewANMBergerSehgalImages/2-ZVertexDistributionANMBS.pn
g used on input line 965.
(pdftex.def)             Requested size: 140.92793pt x 95.0926pt.

<NewANMBergerSehgalImages/6-GoodCCCohMuonInfoANMBS.png, id=459, 700.6175pt x 47
2.76625pt>
File: NewANMBergerSehgalImages/6-GoodCCCohMuonInfoANMBS.png Graphic file (type 
png)
 <use NewANMBergerSehgalImages/6-GoodCCCohMuonInfoANMBS.png>
Package pdftex.def Info: NewANMBergerSehgalImages/6-GoodCCCohMuonInfoANMBS.png 
used on input line 972.
(pdftex.def)             Requested size: 187.89914pt x 126.79015pt.

<NewANMBergerSehgalImages/9-TotalCCCohMuonInfoANMBS.png, id=460, 700.6175pt x 4
72.76625pt>
File: NewANMBergerSehgalImages/9-TotalCCCohMuonInfoANMBS.png Graphic file (type
 png)
 <use NewANMBergerSehgalImages/9-TotalCCCohMuonInfoANMBS.png>
Package pdftex.def Info: NewANMBergerSehgalImages/9-TotalCCCohMuonInfoANMBS.png
 used on input line 973.
(pdftex.def)             Requested size: 187.89914pt x 126.79015pt.

<NewANMBergerSehgalImages/7.png, id=461, 700.6175pt x 472.76625pt>
File: NewANMBergerSehgalImages/7.png Graphic file (type png)

<use NewANMBergerSehgalImages/7.png>
Package pdftex.def Info: NewANMBergerSehgalImages/7.png used on input line 980.

(pdftex.def)             Requested size: 187.89914pt x 126.79015pt.

<NewANMBergerSehgalImages/8.png, id=462, 700.6175pt x 472.76625pt>
File: NewANMBergerSehgalImages/8.png Graphic file (type png)

<use NewANMBergerSehgalImages/8.png>
Package pdftex.def Info: NewANMBergerSehgalImages/8.png used on input line 981.

(pdftex.def)             Requested size: 187.89914pt x 126.79015pt.

<NMCombinedPlotsImages/22-NMCombinedPlots.png, id=463, 700.6175pt x 472.76625pt
>
File: NMCombinedPlotsImages/22-NMCombinedPlots.png Graphic file (type png)
 <use NMCombinedPlotsImages/22-NMCombinedPlots.png>
Package pdftex.def Info: NMCombinedPlotsImages/22-NMCombinedPlots.png used on i
nput line 994.
(pdftex.def)             Requested size: 187.89914pt x 126.79015pt.

<NMCombinedPlotsImages/23-NMCombinedPlots.png, id=464, 700.6175pt x 472.76625pt
>
File: NMCombinedPlotsImages/23-NMCombinedPlots.png Graphic file (type png)
 <use NMCombinedPlotsImages/23-NMCombinedPlots.png>
Package pdftex.def Info: NMCombinedPlotsImages/23-NMCombinedPlots.png used on i
nput line 995.
(pdftex.def)             Requested size: 187.89914pt x 126.79015pt.
 [28 <./NewANMBergerSehgalImages/4-XVertexDistributionANMBS.png> <./NewANMBerge
rSehgalImages/3-YVertexDistributionANMBS.png> <./NewANMBergerSehgalImages/2-ZVe
rtexDistributionANMBS.png> <./NewANMBergerSehgalImages/6-GoodCCCohMuonInfoANMBS
.png> <./NewANMBergerSehgalImages/9-TotalCCCohMuonInfoANMBS.png> <./NewANMBerge
rSehgalImages/7.png> <./NewANMBergerSehgalImages/8.png>]
File: CCInclusivePlots/2DEffCompareNMRS.png Graphic file (type png)
 <use CCInclusivePlots/2DEffCompareNMRS.png>
Package pdftex.def Info: CCInclusivePlots/2DEffCompareNMRS.png used on input li
ne 1002.
(pdftex.def)             Requested size: 281.85587pt x 190.19243pt.
File: CCInclusivePlots/2DEffCompareNMBS.png Graphic file (type png)

<use CCInclusivePlots/2DEffCompareNMBS.png>
Package pdftex.def Info: CCInclusivePlots/2DEffCompareNMBS.png used on input li
ne 1009.
(pdftex.def)             Requested size: 281.85587pt x 190.19243pt.
 [29 <./NMCombinedPlotsImages/22-NMCombinedPlots.png> <./NMCombinedPlotsImages/
23-NMCombinedPlots.png>]
File: CCInclusivePlots/2DEffCompareNMORS.png Graphic file (type png)

<use CCInclusivePlots/2DEffCompareNMORS.png>
Package pdftex.def Info: CCInclusivePlots/2DEffCompareNMORS.png used on input l
ine 1016.
(pdftex.def)             Requested size: 281.85587pt x 190.19243pt.

<NMCombinedPlotsImages/14-NMCombinedPlots.png, id=478, 700.6175pt x 472.76625pt
>
File: NMCombinedPlotsImages/14-NMCombinedPlots.png Graphic file (type png)
 <use NMCombinedPlotsImages/14-NMCombinedPlots.png>
Package pdftex.def Info: NMCombinedPlotsImages/14-NMCombinedPlots.png used on i
nput line 1023.
(pdftex.def)             Requested size: 187.89914pt x 126.79015pt.

<NMCombinedPlotsImages/16-NMCombinedPlots.png, id=479, 700.6175pt x 472.76625pt
>
File: NMCombinedPlotsImages/16-NMCombinedPlots.png Graphic file (type png)
 <use NMCombinedPlotsImages/16-NMCombinedPlots.png>
Package pdftex.def Info: NMCombinedPlotsImages/16-NMCombinedPlots.png used on i
nput line 1024.
(pdftex.def)             Requested size: 187.89914pt x 126.79015pt.
 [30]
File: NMCombinedPlotsImages/24-NMCombinedPlots.png Graphic file (type png)

<use NMCombinedPlotsImages/24-NMCombinedPlots.png>
Package pdftex.def Info: NMCombinedPlotsImages/24-NMCombinedPlots.png used on i
nput line 1031.
(pdftex.def)             Requested size: 281.85587pt x 190.19243pt.

<NMCombinedPlotsImages/15-NMCombinedPlots.png, id=486, 700.6175pt x 472.76625pt
>
File: NMCombinedPlotsImages/15-NMCombinedPlots.png Graphic file (type png)
 <use NMCombinedPlotsImages/15-NMCombinedPlots.png>
Package pdftex.def Info: NMCombinedPlotsImages/15-NMCombinedPlots.png used on i
nput line 1038.
(pdftex.def)             Requested size: 187.89914pt x 126.79015pt.

<NMCombinedPlotsImages/17-NMCombinedPlots.png, id=487, 700.6175pt x 472.76625pt
>
File: NMCombinedPlotsImages/17-NMCombinedPlots.png Graphic file (type png)
 <use NMCombinedPlotsImages/17-NMCombinedPlots.png>
Package pdftex.def Info: NMCombinedPlotsImages/17-NMCombinedPlots.png used on i
nput line 1039.
(pdftex.def)             Requested size: 187.89914pt x 126.79015pt.
 [31 <./NMCombinedPlotsImages/14-NMCombinedPlots.png> <./NMCombinedPlotsImages/
16-NMCombinedPlots.png>]
File: NMCombinedPlotsImages/25-NMCombinedPlots.png Graphic file (type png)

<use NMCombinedPlotsImages/25-NMCombinedPlots.png>
Package pdftex.def Info: NMCombinedPlotsImages/25-NMCombinedPlots.png used on i
nput line 1046.
(pdftex.def)             Requested size: 281.85587pt x 190.19243pt.
File: CCCohPlots/2DEffNMRS.png Graphic file (type png)

<use CCCohPlots/2DEffNMRS.png>
Package pdftex.def Info: CCCohPlots/2DEffNMRS.png used on input line 1053.
(pdftex.def)             Requested size: 281.85587pt x 190.19243pt.
 [32 <./NMCombinedPlotsImages/15-NMCombinedPlots.png> <./NMCombinedPlotsImages/
17-NMCombinedPlots.png>]
File: CCCohPlots/2DEffNMBS.png Graphic file (type png)

<use CCCohPlots/2DEffNMBS.png>
Package pdftex.def Info: CCCohPlots/2DEffNMBS.png used on input line 1060.
(pdftex.def)             Requested size: 281.85587pt x 190.19243pt.
File: CCCohPlots/2DEffNMORS.png Graphic file (type png)
 <use CCCohPlots/2DEffNMORS.png>
Package pdftex.def Info: CCCohPlots/2DEffNMORS.png used on input line 1067.
(pdftex.def)             Requested size: 281.85587pt x 190.19243pt.
 [33]
<NMPionPlottingImages/7-NMPionPlotting.png, id=508, 700.6175pt x 472.76625pt>
File: NMPionPlottingImages/7-NMPionPlotting.png Graphic file (type png)

<use NMPionPlottingImages/7-NMPionPlotting.png>
Package pdftex.def Info: NMPionPlottingImages/7-NMPionPlotting.png used on inpu
t line 1079.
(pdftex.def)             Requested size: 187.89914pt x 126.79015pt.

<NMPionPlottingImages/10-NMPionPlotting.png, id=509, 700.6175pt x 472.76625pt>
File: NMPionPlottingImages/10-NMPionPlotting.png Graphic file (type png)

<use NMPionPlottingImages/10-NMPionPlotting.png>
Package pdftex.def Info: NMPionPlottingImages/10-NMPionPlotting.png used on inp
ut line 1080.
(pdftex.def)             Requested size: 187.89914pt x 126.79015pt.

<NMPionPlottingImages/8-NMPionPlotting.png, id=510, 700.6175pt x 472.76625pt>
File: NMPionPlottingImages/8-NMPionPlotting.png Graphic file (type png)

<use NMPionPlottingImages/8-NMPionPlotting.png>
Package pdftex.def Info: NMPionPlottingImages/8-NMPionPlotting.png used on inpu
t line 1087.
(pdftex.def)             Requested size: 187.89914pt x 126.79015pt.

<NMPionPlottingImages/11-NMPionPlotting.png, id=511, 700.6175pt x 472.76625pt>
File: NMPionPlottingImages/11-NMPionPlotting.png Graphic file (type png)

<use NMPionPlottingImages/11-NMPionPlotting.png>
Package pdftex.def Info: NMPionPlottingImages/11-NMPionPlotting.png used on inp
ut line 1088.
(pdftex.def)             Requested size: 187.89914pt x 126.79015pt.
 [34 <./NMPionPlottingImages/7-NMPionPlotting.png> <./NMPionPlottingImages/10-N
MPionPlotting.png>]
<NMPionPlottingImages/9-NMPionPlotting.png, id=518, 700.6175pt x 472.76625pt>
File: NMPionPlottingImages/9-NMPionPlotting.png Graphic file (type png)

<use NMPionPlottingImages/9-NMPionPlotting.png>
Package pdftex.def Info: NMPionPlottingImages/9-NMPionPlotting.png used on inpu
t line 1095.
(pdftex.def)             Requested size: 187.89914pt x 126.79015pt.

<NMPionPlottingImages/12-NMPionPlotting.png, id=519, 700.6175pt x 472.76625pt>
File: NMPionPlottingImages/12-NMPionPlotting.png Graphic file (type png)

<use NMPionPlottingImages/12-NMPionPlotting.png>
Package pdftex.def Info: NMPionPlottingImages/12-NMPionPlotting.png used on inp
ut line 1096.
(pdftex.def)             Requested size: 187.89914pt x 126.79015pt.
File: CCCohPlots/NMCCCohGoodT.png Graphic file (type png)

<use CCCohPlots/NMCCCohGoodT.png>
Package pdftex.def Info: CCCohPlots/NMCCCohGoodT.png used on input line 1108.
(pdftex.def)             Requested size: 187.89914pt x 126.79015pt.
File: CCCohPlots/NMCCCohGoodQ2.png Graphic file (type png)
 <use CCCohPlots/NMCCCohGoodQ2.png>
Package pdftex.def Info: CCCohPlots/NMCCCohGoodQ2.png used on input line 1109.
(pdftex.def)             Requested size: 187.89914pt x 126.79015pt.
 [35 <./NMPionPlottingImages/8-NMPionPlotting.png> <./NMPionPlottingImages/11-N
MPionPlotting.png> <./NMPionPlottingImages/9-NMPionPlotting.png> <./NMPionPlott
ingImages/12-NMPionPlotting.png>]
File: ANMCombinedPlotsImages/15-ANMCombinedPlots.png Graphic file (type png)
 <use ANMCombinedPlotsImages/15-ANMCombinedPlots.png>
Package pdftex.def Info: ANMCombinedPlotsImages/15-ANMCombinedPlots.png used on
 input line 1121.
(pdftex.def)             Requested size: 187.89914pt x 126.79015pt.
File: ANMCombinedPlotsImages/16-ANMCombinedPlots.png Graphic file (type png)

<use ANMCombinedPlotsImages/16-ANMCombinedPlots.png>
Package pdftex.def Info: ANMCombinedPlotsImages/16-ANMCombinedPlots.png used on
 input line 1122.
(pdftex.def)             Requested size: 187.89914pt x 126.79015pt.
File: CCInclusivePlots/2DEffCompareANMRS.png Graphic file (type png)

<use CCInclusivePlots/2DEffCompareANMRS.png>
Package pdftex.def Info: CCInclusivePlots/2DEffCompareANMRS.png used on input l
ine 1129.
(pdftex.def)             Requested size: 281.85587pt x 190.19243pt.
 [36]
File: CCInclusivePlots/2DEffCompareANMBS.png Graphic file (type png)

<use CCInclusivePlots/2DEffCompareANMBS.png>
Package pdftex.def Info: CCInclusivePlots/2DEffCompareANMBS.png used on input l
ine 1136.
(pdftex.def)             Requested size: 281.85587pt x 190.19243pt.

<ANMCombinedPlotsImages/11-ANMCombinedPlots.png, id=532, 700.6175pt x 472.76625
pt>
File: ANMCombinedPlotsImages/11-ANMCombinedPlots.png Graphic file (type png)
 <use ANMCombinedPlotsImages/11-ANMCombinedPlots.png>
Package pdftex.def Info: ANMCombinedPlotsImages/11-ANMCombinedPlots.png used on
 input line 1143.
(pdftex.def)             Requested size: 187.89914pt x 126.79015pt.

<ANMCombinedPlotsImages/13-ANMCombinedPlots.png, id=533, 700.6175pt x 472.76625
pt>
File: ANMCombinedPlotsImages/13-ANMCombinedPlots.png Graphic file (type png)
 <use ANMCombinedPlotsImages/13-ANMCombinedPlots.png>
Package pdftex.def Info: ANMCombinedPlotsImages/13-ANMCombinedPlots.png used on
 input line 1144.
(pdftex.def)             Requested size: 187.89914pt x 126.79015pt.
 [37]
File: ANMCombinedPlotsImages/17-ANMCombinedPlots.png Graphic file (type png)

<use ANMCombinedPlotsImages/17-ANMCombinedPlots.png>
Package pdftex.def Info: ANMCombinedPlotsImages/17-ANMCombinedPlots.png used on
 input line 1151.
(pdftex.def)             Requested size: 281.85587pt x 190.19243pt.

<ANMCombinedPlotsImages/12-ANMCombinedPlots.png, id=541, 700.6175pt x 472.76625
pt>
File: ANMCombinedPlotsImages/12-ANMCombinedPlots.png Graphic file (type png)
 <use ANMCombinedPlotsImages/12-ANMCombinedPlots.png>
Package pdftex.def Info: ANMCombinedPlotsImages/12-ANMCombinedPlots.png used on
 input line 1158.
(pdftex.def)             Requested size: 187.89914pt x 126.79015pt.

<ANMCombinedPlotsImages/14-ANMCombinedPlots.png, id=542, 700.6175pt x 472.76625
pt>
File: ANMCombinedPlotsImages/14-ANMCombinedPlots.png Graphic file (type png)
 <use ANMCombinedPlotsImages/14-ANMCombinedPlots.png>
Package pdftex.def Info: ANMCombinedPlotsImages/14-ANMCombinedPlots.png used on
 input line 1159.
(pdftex.def)             Requested size: 187.89914pt x 126.79015pt.
 [38 <./ANMCombinedPlotsImages/11-ANMCombinedPlots.png> <./ANMCombinedPlotsImag
es/13-ANMCombinedPlots.png>]
File: ANMCombinedPlotsImages/18-ANMCombinedPlots.png Graphic file (type png)
 <use ANMCombinedPlotsImages/18-ANMCombinedPlots.png>
Package pdftex.def Info: ANMCombinedPlotsImages/18-ANMCombinedPlots.png used on
 input line 1166.
(pdftex.def)             Requested size: 281.85587pt x 190.19243pt.
File: CCCohPlots/2DEffANMRS.png Graphic file (type png)

<use CCCohPlots/2DEffANMRS.png>
Package pdftex.def Info: CCCohPlots/2DEffANMRS.png used on input line 1173.
(pdftex.def)             Requested size: 281.85587pt x 190.19243pt.
 [39 <./ANMCombinedPlotsImages/12-ANMCombinedPlots.png> <./ANMCombinedPlotsImag
es/14-ANMCombinedPlots.png>]
File: CCCohPlots/2DEffANMBS.png Graphic file (type png)

<use CCCohPlots/2DEffANMBS.png>
Package pdftex.def Info: CCCohPlots/2DEffANMBS.png used on input line 1180.
(pdftex.def)             Requested size: 281.85587pt x 190.19243pt.

<ANMPionPlottingImages/7-ANMPionPlotting.png, id=555, 700.6175pt x 472.76625pt>
File: ANMPionPlottingImages/7-ANMPionPlotting.png Graphic file (type png)
<use ANMPionPlottingImages/7-ANMPionPlotting.png>
Package pdftex.def Info: ANMPionPlottingImages/7-ANMPionPlotting.png used on in
put line 1192.
(pdftex.def)             Requested size: 187.89914pt x 126.79015pt.

<ANMPionPlottingImages/10-ANMPionPlotting.png, id=556, 700.6175pt x 472.76625pt
>
File: ANMPionPlottingImages/10-ANMPionPlotting.png Graphic file (type png)
 <use ANMPionPlottingImages/10-ANMPionPlotting.png>
Package pdftex.def Info: ANMPionPlottingImages/10-ANMPionPlotting.png used on i
nput line 1193.
(pdftex.def)             Requested size: 187.89914pt x 126.79015pt.
 [40]
<ANMPionPlottingImages/8-ANMPionPlotting.png, id=563, 700.6175pt x 472.76625pt>
File: ANMPionPlottingImages/8-ANMPionPlotting.png Graphic file (type png)
<use ANMPionPlottingImages/8-ANMPionPlotting.png>
Package pdftex.def Info: ANMPionPlottingImages/8-ANMPionPlotting.png used on in
put line 1200.
(pdftex.def)             Requested size: 187.89914pt x 126.79015pt.

<ANMPionPlottingImages/11-ANMPionPlotting.png, id=564, 700.6175pt x 472.76625pt
>
File: ANMPionPlottingImages/11-ANMPionPlotting.png Graphic file (type png)
 <use ANMPionPlottingImages/11-ANMPionPlotting.png>
Package pdftex.def Info: ANMPionPlottingImages/11-ANMPionPlotting.png used on i
nput line 1201.
(pdftex.def)             Requested size: 187.89914pt x 126.79015pt.

<ANMPionPlottingImages/9-ANMPionPlotting.png, id=565, 700.6175pt x 472.76625pt>
File: ANMPionPlottingImages/9-ANMPionPlotting.png Graphic file (type png)
<use ANMPionPlottingImages/9-ANMPionPlotting.png>
Package pdftex.def Info: ANMPionPlottingImages/9-ANMPionPlotting.png used on in
put line 1208.
(pdftex.def)             Requested size: 187.89914pt x 126.79015pt.

<ANMPionPlottingImages/12-ANMPionPlotting.png, id=566, 700.6175pt x 472.76625pt
>
File: ANMPionPlottingImages/12-ANMPionPlotting.png Graphic file (type png)
 <use ANMPionPlottingImages/12-ANMPionPlotting.png>
Package pdftex.def Info: ANMPionPlottingImages/12-ANMPionPlotting.png used on i
nput line 1209.
(pdftex.def)             Requested size: 187.89914pt x 126.79015pt.
 [41 <./ANMPionPlottingImages/7-ANMPionPlotting.png> <./ANMPionPlottingImages/1
0-ANMPionPlotting.png> <./ANMPionPlottingImages/8-ANMPionPlotting.png> <./ANMPi
onPlottingImages/11-ANMPionPlotting.png>]
File: CCCohPlots/ANMCCCohGoodT.png Graphic file (type png)
 <use CCCohPlots/ANMCCCohGoodT.png>
Package pdftex.def Info: CCCohPlots/ANMCCCohGoodT.png used on input line 1221.
(pdftex.def)             Requested size: 187.89914pt x 126.79015pt.
File: CCCohPlots/ANMCCCohGoodQ2.png Graphic file (type png)

<use CCCohPlots/ANMCCCohGoodQ2.png>
Package pdftex.def Info: CCCohPlots/ANMCCCohGoodQ2.png used on input line 1222.

(pdftex.def)             Requested size: 187.89914pt x 126.79015pt.
 [42 <./ANMPionPlottingImages/9-ANMPionPlotting.png> <./ANMPionPlottingImages/1
2-ANMPionPlotting.png>] [43] [44] [45]
[46] [47] [48










] [49] [50] [51] [52] [53]
Package atveryend Info: Empty hook `BeforeClearDocument' on input line 1385.
Package atveryend Info: Empty hook `AfterLastShipout' on input line 1385.
 (./TechNoteRoughDraft.aux)
Package atveryend Info: Executing hook `AtVeryEndDocument' on input line 1385.
Package atveryend Info: Executing hook `AtEndAfterFileList' on input line 1385.

Package rerunfilecheck Info: File `TechNoteRoughDraft.out' has not changed.
(rerunfilecheck)             Checksum: 5A88294A85F61FB664515BEC815F7DB6;3072.
Package atveryend Info: Empty hook `AtVeryVeryEnd' on input line 1385.
 ) 
Here is how much of TeX's memory you used:
 13482 strings out of 494910
 223122 string characters out of 6179836
 575173 words of memory out of 5000000
 16234 multiletter control sequences out of 15000+600000
 20035 words of font info for 58 fonts, out of 8000000 for 9000
 36 hyphenation exceptions out of 8191
 40i,11n,77p,1229b,1392s stack positions out of 5000i,500n,10000p,200000b,80000s
 </home/zwilliams/.texmf-var/fonts/pk/ljfour/jknappen/ec/ectt1095.600pk> </ho
me/zwilliams/.texmf-var/fonts/pk/ljfour/jknappen/ec/ecbx1095.600pk> </home/zwil
liams/.texmf-var/fonts/pk/ljfour/jknappen/ec/ecrm0900.600pk> </home/zwilliams/.
texmf-var/fonts/pk/ljfour/jknappen/ec/ecrm0600.600pk> </home/zwilliams/.texmf-v
ar/fonts/pk/ljfour/jknappen/ec/ecbx1200.600pk> </home/zwilliams/.texmf-var/font
s/pk/ljfour/jknappen/ec/ecrm1095.600pk> </home/zwilliams/.texmf-var/fonts/pk/lj
four/jknappen/ec/ecbx1440.600pk> </home/zwilliams/.texmf-var/fonts/pk/ljfour/jk
nappen/ec/ecrm0800.600pk> </home/zwilliams/.texmf-var/fonts/pk/ljfour/jknappen/
ec/ecrm1200.600pk> </home/zwilliams/.texmf-var/fonts/pk/ljfour/jknappen/ec/ecrm
1728.600pk></usr/share/texlive/texmf-dist/fonts/type1/public/amsfonts/cm/cmex10
.pfb></usr/share/texlive/texmf-dist/fonts/type1/public/amsfonts/cm/cmmi10.pfb><
/usr/share/texlive/texmf-dist/fonts/type1/public/amsfonts/cm/cmmi12.pfb></usr/s
hare/texlive/texmf-dist/fonts/type1/public/amsfonts/cm/cmmi6.pfb></usr/share/te
xlive/texmf-dist/fonts/type1/public/amsfonts/cm/cmmi8.pfb></usr/share/texlive/t
exmf-dist/fonts/type1/public/amsfonts/cm/cmr10.pfb></usr/share/texlive/texmf-di
st/fonts/type1/public/amsfonts/cm/cmr12.pfb></usr/share/texlive/texmf-dist/font
s/type1/public/amsfonts/cm/cmr8.pfb></usr/share/texlive/texmf-dist/fonts/type1/
public/amsfonts/cm/cmsy10.pfb></usr/share/texlive/texmf-dist/fonts/type1/public
/amsfonts/cm/cmsy8.pfb></usr/share/texlive/texmf-dist/fonts/type1/public/amsfon
ts/symbols/msbm10.pfb>
Output written on TechNoteRoughDraft.pdf (53 pages, 1581930 bytes).
PDF statistics:
 1101 PDF objects out of 1200 (max. 8388607)
 582 compressed objects within 6 object streams
 211 named destinations out of 1000 (max. 500000)
 801 words of extra memory for PDF output out of 10000 (max. 10000000)

