\BOOKMARK [1][-]{section.1}{Introduction}{}% 1
\BOOKMARK [2][-]{subsection.1.1}{Goal of the Re-Analysis}{section.1}% 2
\BOOKMARK [1][-]{section.2}{Samples}{}% 3
\BOOKMARK [1][-]{section.3}{Detector Simulation}{}% 4
\BOOKMARK [2][-]{subsection.3.1}{The Detector}{section.3}% 5
\BOOKMARK [3][-]{subsubsection.3.1.1}{The Scintillator Bar Tracker \(SciBar\)}{subsection.3.1}% 6
\BOOKMARK [3][-]{subsubsection.3.1.2}{The Muon Range Detector \(MRD\)}{subsection.3.1}% 7
\BOOKMARK [1][-]{section.4}{Event Selection}{}% 8
\BOOKMARK [2][-]{subsection.4.1}{Muon Stops within the MRD \(``Stopped''\)}{section.4}% 9
\BOOKMARK [2][-]{subsection.4.2}{Muon exits out the back of the MRD \(``Out-the-back''\)}{section.4}% 10
\BOOKMARK [2][-]{subsection.4.3}{Muon exits out the side of the MRD \(``Out-the-side''\)}{section.4}% 11
\BOOKMARK [1][-]{section.5}{Results}{}% 12
\BOOKMARK [2][-]{subsection.5.1}{Charged-Current Inclusive Events}{section.5}% 13
\BOOKMARK [2][-]{subsection.5.2}{Charged-Current Coherent Pion Production Events}{section.5}% 14
\BOOKMARK [1][-]{appendix.A}{Appendix: Sample Details}{}% 15
\BOOKMARK [2][-]{subsection.A.1}{-Mode Rein-Sehgal NEUTv5.3.6}{appendix.A}% 16
\BOOKMARK [2][-]{subsection.A.2}{-Mode Berger-Sehgal NEUTv5.3.6}{appendix.A}% 17
\BOOKMARK [2][-]{subsection.A.3}{-Mode Rein-Sehgal NEUTvx.x.x}{appendix.A}% 18
\BOOKMARK [2][-]{subsection.A.4}{"7016-Mode Rein-Sehgal NEUTv5.3.6}{appendix.A}% 19
\BOOKMARK [2][-]{subsection.A.5}{"7016-Mode Berger-Sehgal NEUTv5.3.6}{appendix.A}% 20
\BOOKMARK [2][-]{subsection.A.6}{Vertex Distributions}{appendix.A}% 21
\BOOKMARK [2][-]{subsection.A.7}{NewNMReinSehgal.C}{appendix.A}% 22
\BOOKMARK [2][-]{subsection.A.8}{NewNMBergerSehgal.C}{appendix.A}% 23
\BOOKMARK [2][-]{subsection.A.9}{OldNMReinSehgal.C}{appendix.A}% 24
\BOOKMARK [2][-]{subsection.A.10}{NewANMReinSehgal.C}{appendix.A}% 25
\BOOKMARK [2][-]{subsection.A.11}{NewANMBergerSehgal.C}{appendix.A}% 26
\BOOKMARK [2][-]{subsection.A.12}{NMCombinedPlots.C}{appendix.A}% 27
\BOOKMARK [2][-]{subsection.A.13}{NMPionPlotting.C}{appendix.A}% 28
\BOOKMARK [2][-]{subsection.A.14}{NMFourSquaredPlotting.C}{appendix.A}% 29
\BOOKMARK [2][-]{subsection.A.15}{ANMCombinedPlots.C}{appendix.A}% 30
\BOOKMARK [2][-]{subsection.A.16}{ANMPionPlotting.C}{appendix.A}% 31
\BOOKMARK [2][-]{subsection.A.17}{ANMFourSquaredPlotting.C}{appendix.A}% 32
\BOOKMARK [1][-]{appendix.B}{Steps for Running the Code}{}% 33
\BOOKMARK [1][-]{appendix.C}{Closing Remarks and Cautions}{}% 34
\BOOKMARK [1][-]{appendix.D}{Acknowledgements}{}% 35
\BOOKMARK [1][-]{appendix.E}{Figures and Tables}{}% 36
\BOOKMARK [2][-]{subsection.E.1}{List of Figures}{appendix.E}% 37
\BOOKMARK [2][-]{subsection.E.2}{List of Tables}{appendix.E}% 38
